2026-02-07 07:40:26,767 - INFO - [moex_bond_details.py:45] - Инициализировано логирование. Детальные логи в: logs\moex_bond_consolidated.log
2026-02-07 07:40:26,767 - INFO - [moex_bond_details.py:349] - ============================================================
2026-02-07 07:40:26,767 - INFO - [moex_bond_details.py:350] - СКРИПТ СБОРА И КОНСОЛИДАЦИИ ДАННЫХ ПО ОБЛИГАЦИЯМ MOEX
2026-02-07 07:40:26,767 - INFO - [moex_bond_details.py:351] - ============================================================
2026-02-07 07:40:26,778 - INFO - [moex_bond_details.py:352] - Облигаций для обработки: 5
2026-02-07 07:40:26,778 - INFO - [moex_bond_details.py:353] - Дата запуска: 2026-02-07 07:40:26
2026-02-07 07:40:26,782 - INFO - [moex_bond_details.py:354] - ============================================================
2026-02-07 07:40:26,782 - INFO - [moex_bond_details.py:220] - 
Начало обработки 5 облигаций
2026-02-07 07:40:26,783 - INFO - [moex_bond_details.py:221] - ============================================================
2026-02-07 07:40:26,783 - INFO - [moex_bond_details.py:227] - 
[1/5] Обработка: RU000A10D533
2026-02-07 07:40:26,783 - INFO - [moex_bond_details.py:140] - 
Сбор данных для облигации: RU000A10D533
2026-02-07 07:40:26,785 - INFO - [moex_bond_details.py:141] - --------------------------------------------------
2026-02-07 07:40:26,785 - INFO - [moex_bond_details.py:146] - 1. Загрузка основной информации...
2026-02-07 07:40:26,785 - DEBUG - [moex_bond_details.py:64] - Запрос основной информации: https://iss.moex.com/iss/securities.json?q=RU000A10D533&iss.meta=off&iss.json=extended
2026-02-07 07:40:27,487 - WARNING - [moex_bond_details.py:155] -    Основная информация не найдена
2026-02-07 07:40:27,487 - INFO - [moex_bond_details.py:158] - 2. Загрузка рыночных данных...
2026-02-07 07:40:27,487 - DEBUG - [moex_bond_details.py:93] - Запрос рыночных данных: https://iss.moex.com/iss/securities/RU000A10D533/marketdata.json?iss.meta=off&iss.json=extended
2026-02-07 07:40:27,899 - WARNING - [moex_bond_details.py:166] -    Рыночные данные не найдены
2026-02-07 07:40:27,899 - INFO - [moex_bond_details.py:169] - 3. Загрузка данных о купонах...
2026-02-07 07:40:27,899 - DEBUG - [moex_bond_details.py:117] - Запрос данных о купонах: https://iss.moex.com/iss/securities/RU000A10D533/coupons.json?iss.meta=off&iss.json=extended
2026-02-07 07:40:28,273 - WARNING - [moex_bond_details.py:177] -    Данные о купонах не найдены
2026-02-07 07:40:28,273 - INFO - [moex_bond_details.py:180] - 4. Поиск дополнительных данных...
2026-02-07 07:40:29,104 - WARNING - [moex_bond_details.py:212] - Не удалось собрать данные для RU000A10D533
2026-02-07 07:40:29,108 - WARNING - [moex_bond_details.py:239] - ✗ Не удалось получить данные для RU000A10D533
2026-02-07 07:40:29,108 - INFO - [moex_bond_details.py:242] - Время обработки: 2.32 сек
2026-02-07 07:40:29,108 - INFO - [moex_bond_details.py:227] - 
[2/5] Обработка: RU000A0JV4P3
2026-02-07 07:40:29,108 - INFO - [moex_bond_details.py:140] - 
Сбор данных для облигации: RU000A0JV4P3
2026-02-07 07:40:29,110 - INFO - [moex_bond_details.py:141] - --------------------------------------------------
2026-02-07 07:40:29,110 - INFO - [moex_bond_details.py:146] - 1. Загрузка основной информации...
2026-02-07 07:40:29,111 - DEBUG - [moex_bond_details.py:64] - Запрос основной информации: https://iss.moex.com/iss/securities.json?q=RU000A0JV4P3&iss.meta=off&iss.json=extended
2026-02-07 07:40:29,738 - WARNING - [moex_bond_details.py:155] -    Основная информация не найдена
2026-02-07 07:40:29,738 - INFO - [moex_bond_details.py:158] - 2. Загрузка рыночных данных...
2026-02-07 07:40:29,738 - DEBUG - [moex_bond_details.py:93] - Запрос рыночных данных: https://iss.moex.com/iss/securities/RU000A0JV4P3/marketdata.json?iss.meta=off&iss.json=extended
2026-02-07 07:40:30,142 - WARNING - [moex_bond_details.py:166] -    Рыночные данные не найдены
2026-02-07 07:40:30,142 - INFO - [moex_bond_details.py:169] - 3. Загрузка данных о купонах...
2026-02-07 07:40:30,142 - DEBUG - [moex_bond_details.py:117] - Запрос данных о купонах: https://iss.moex.com/iss/securities/RU000A0JV4P3/coupons.json?iss.meta=off&iss.json=extended
2026-02-07 07:40:30,493 - WARNING - [moex_bond_details.py:177] -    Данные о купонах не найдены
2026-02-07 07:40:30,493 - INFO - [moex_bond_details.py:180] - 4. Поиск дополнительных данных...
2026-02-07 07:40:30,887 - WARNING - [moex_bond_details.py:212] - Не удалось собрать данные для RU000A0JV4P3
2026-02-07 07:40:30,900 - WARNING - [moex_bond_details.py:239] - ✗ Не удалось получить данные для RU000A0JV4P3
2026-02-07 07:40:30,900 - INFO - [moex_bond_details.py:242] - Время обработки: 1.79 сек
2026-02-07 07:40:30,900 - INFO - [moex_bond_details.py:227] - 
[3/5] Обработка: RU000A10DB16
2026-02-07 07:40:30,900 - INFO - [moex_bond_details.py:140] - 
Сбор данных для облигации: RU000A10DB16
2026-02-07 07:40:30,903 - INFO - [moex_bond_details.py:141] - --------------------------------------------------
2026-02-07 07:40:30,903 - INFO - [moex_bond_details.py:146] - 1. Загрузка основной информации...
2026-02-07 07:40:30,904 - DEBUG - [moex_bond_details.py:64] - Запрос основной информации: https://iss.moex.com/iss/securities.json?q=RU000A10DB16&iss.meta=off&iss.json=extended
2026-02-07 07:40:31,251 - WARNING - [moex_bond_details.py:155] -    Основная информация не найдена
2026-02-07 07:40:31,251 - INFO - [moex_bond_details.py:158] - 2. Загрузка рыночных данных...
2026-02-07 07:40:31,251 - DEBUG - [moex_bond_details.py:93] - Запрос рыночных данных: https://iss.moex.com/iss/securities/RU000A10DB16/marketdata.json?iss.meta=off&iss.json=extended
2026-02-07 07:40:31,632 - WARNING - [moex_bond_details.py:166] -    Рыночные данные не найдены
2026-02-07 07:40:31,632 - INFO - [moex_bond_details.py:169] - 3. Загрузка данных о купонах...
2026-02-07 07:40:31,632 - DEBUG - [moex_bond_details.py:117] - Запрос данных о купонах: https://iss.moex.com/iss/securities/RU000A10DB16/coupons.json?iss.meta=off&iss.json=extended
2026-02-07 07:40:31,990 - WARNING - [moex_bond_details.py:177] -    Данные о купонах не найдены
2026-02-07 07:40:31,992 - INFO - [moex_bond_details.py:180] - 4. Поиск дополнительных данных...
2026-02-07 07:40:32,345 - WARNING - [moex_bond_details.py:212] - Не удалось собрать данные для RU000A10DB16
2026-02-07 07:40:32,347 - WARNING - [moex_bond_details.py:239] - ✗ Не удалось получить данные для RU000A10DB16
2026-02-07 07:40:32,347 - INFO - [moex_bond_details.py:242] - Время обработки: 1.45 сек
2026-02-07 07:40:32,347 - INFO - [moex_bond_details.py:227] - 
[4/5] Обработка: RU000A0ZZ885
2026-02-07 07:40:32,347 - INFO - [moex_bond_details.py:140] - 
Сбор данных для облигации: RU000A0ZZ885
2026-02-07 07:40:32,347 - INFO - [moex_bond_details.py:141] - --------------------------------------------------
2026-02-07 07:40:32,347 - INFO - [moex_bond_details.py:146] - 1. Загрузка основной информации...
2026-02-07 07:40:32,347 - DEBUG - [moex_bond_details.py:64] - Запрос основной информации: https://iss.moex.com/iss/securities.json?q=RU000A0ZZ885&iss.meta=off&iss.json=extended
2026-02-07 07:40:32,709 - WARNING - [moex_bond_details.py:155] -    Основная информация не найдена
2026-02-07 07:40:32,711 - INFO - [moex_bond_details.py:158] - 2. Загрузка рыночных данных...
2026-02-07 07:40:32,711 - DEBUG - [moex_bond_details.py:93] - Запрос рыночных данных: https://iss.moex.com/iss/securities/RU000A0ZZ885/marketdata.json?iss.meta=off&iss.json=extended
2026-02-07 07:40:33,096 - WARNING - [moex_bond_details.py:166] -    Рыночные данные не найдены
2026-02-07 07:40:33,098 - INFO - [moex_bond_details.py:169] - 3. Загрузка данных о купонах...
2026-02-07 07:40:33,098 - DEBUG - [moex_bond_details.py:117] - Запрос данных о купонах: https://iss.moex.com/iss/securities/RU000A0ZZ885/coupons.json?iss.meta=off&iss.json=extended
2026-02-07 07:40:33,441 - WARNING - [moex_bond_details.py:177] -    Данные о купонах не найдены
2026-02-07 07:40:33,441 - INFO - [moex_bond_details.py:180] - 4. Поиск дополнительных данных...
2026-02-07 07:40:33,788 - WARNING - [moex_bond_details.py:212] - Не удалось собрать данные для RU000A0ZZ885
2026-02-07 07:40:33,788 - WARNING - [moex_bond_details.py:239] - ✗ Не удалось получить данные для RU000A0ZZ885
2026-02-07 07:40:33,788 - INFO - [moex_bond_details.py:242] - Время обработки: 1.44 сек
2026-02-07 07:40:33,788 - INFO - [moex_bond_details.py:227] - 
[5/5] Обработка: RU000A106LL5
2026-02-07 07:40:33,788 - INFO - [moex_bond_details.py:140] - 
Сбор данных для облигации: RU000A106LL5
2026-02-07 07:40:33,788 - INFO - [moex_bond_details.py:141] - --------------------------------------------------
2026-02-07 07:40:33,788 - INFO - [moex_bond_details.py:146] - 1. Загрузка основной информации...
2026-02-07 07:40:33,788 - DEBUG - [moex_bond_details.py:64] - Запрос основной информации: https://iss.moex.com/iss/securities.json?q=RU000A106LL5&iss.meta=off&iss.json=extended
2026-02-07 07:40:34,153 - WARNING - [moex_bond_details.py:155] -    Основная информация не найдена
2026-02-07 07:40:34,153 - INFO - [moex_bond_details.py:158] - 2. Загрузка рыночных данных...
2026-02-07 07:40:34,153 - DEBUG - [moex_bond_details.py:93] - Запрос рыночных данных: https://iss.moex.com/iss/securities/RU000A106LL5/marketdata.json?iss.meta=off&iss.json=extended
2026-02-07 07:40:34,529 - WARNING - [moex_bond_details.py:166] -    Рыночные данные не найдены
2026-02-07 07:40:34,529 - INFO - [moex_bond_details.py:169] - 3. Загрузка данных о купонах...
2026-02-07 07:40:34,529 - DEBUG - [moex_bond_details.py:117] - Запрос данных о купонах: https://iss.moex.com/iss/securities/RU000A106LL5/coupons.json?iss.meta=off&iss.json=extended
2026-02-07 07:40:34,877 - WARNING - [moex_bond_details.py:177] -    Данные о купонах не найдены
2026-02-07 07:40:34,877 - INFO - [moex_bond_details.py:180] - 4. Поиск дополнительных данных...
2026-02-07 07:40:35,626 - WARNING - [moex_bond_details.py:212] - Не удалось собрать данные для RU000A106LL5
2026-02-07 07:40:35,628 - WARNING - [moex_bond_details.py:239] - ✗ Не удалось получить данные для RU000A106LL5
2026-02-07 07:40:35,631 - INFO - [moex_bond_details.py:242] - Время обработки: 1.84 сек
2026-02-07 07:40:35,632 - ERROR - [moex_bond_details.py:269] - Не удалось собрать данные ни по одной облигации
2026-02-07 07:40:35,632 - INFO - [moex_bond_details.py:364] - 
============================================================
2026-02-07 07:40:35,633 - INFO - [moex_bond_details.py:365] - ИТОГИ ВЫПОЛНЕНИЯ
2026-02-07 07:40:35,633 - INFO - [moex_bond_details.py:366] - ============================================================
2026-02-07 07:40:35,635 - ERROR - [moex_bond_details.py:372] - ✗ В процессе выполнения возникли ошибки
2026-02-07 07:40:35,635 - INFO - [moex_bond_details.py:374] - 
Общее время выполнения: 8.85 сек
2026-02-07 07:40:35,637 - INFO - [moex_bond_details.py:375] - Завершено: 07:40:35
2026-02-07 07:40:35,638 - INFO - [moex_bond_details.py:376] - ============================================================
