2026-02-16 16:25:25,635 | INFO | Читаю SECID из moex_bonds.xlsx
2026-02-16 16:25:26,775 | INFO | Найдено уникальных SECID: 2242
2026-02-16 16:25:26,776 | INFO | Выбранные SECID на период отладки: ['SU26238RMFS4', 'RU000A1041Q0']
2026-02-16 16:25:26,776 | INFO | Получаю список endpoint'ов из https://iss.moex.com/iss/reference
2026-02-16 16:25:27,224 | INFO | Найдено шаблонов endpoint с [security]: 38
2026-02-16 16:25:27,224 | INFO | Обрабатываю SECID=SU26238RMFS4
2026-02-16 16:25:27,260 | INFO | SECID=SU26238RMFS4: сформировано endpoint URL: 76
2026-02-16 16:25:27,473 | WARNING | Ошибка запроса https://iss.moex.com/iss/engines/stock/markets/bonds/boardgroups/123/securities/SU26238RMFS4/orderbook.json: Expecting value: line 1 column 1 (char 0)
2026-02-16 16:25:27,946 | WARNING | Ошибка запроса https://iss.moex.com/iss/engines/stock/markets/bonds/boardgroups/257/securities/SU26238RMFS4/orderbook.json: Expecting value: line 1 column 1 (char 0)
2026-02-16 16:25:28,558 | WARNING | Ошибка запроса https://iss.moex.com/iss/engines/stock/markets/bonds/boardgroups/58/securities/SU26238RMFS4/orderbook.json: Expecting value: line 1 column 1 (char 0)
2026-02-16 16:25:29,110 | WARNING | Ошибка запроса https://iss.moex.com/iss/engines/stock/markets/bonds/boards/AUCT/securities/SU26238RMFS4/orderbook.json: Expecting value: line 1 column 1 (char 0)
2026-02-16 16:25:29,587 | WARNING | Ошибка запроса https://iss.moex.com/iss/engines/stock/markets/bonds/boards/PACT/securities/SU26238RMFS4/orderbook.json: Expecting value: line 1 column 1 (char 0)
2026-02-16 16:25:30,145 | WARNING | Ошибка запроса https://iss.moex.com/iss/engines/stock/markets/bonds/boards/TQOB/securities/SU26238RMFS4/orderbook.json: Expecting value: line 1 column 1 (char 0)
2026-02-16 16:25:30,413 | WARNING | Ошибка запроса https://iss.moex.com/iss/engines/stock/markets/bonds/securities/SU26238RMFS4/orderbook.json: Expecting value: line 1 column 1 (char 0)
2026-02-16 16:25:31,717 | WARNING | Ошибка запроса https://iss.moex.com/iss/statistics/complex/securities/SU26238RMFS4.json: Expecting value: line 1 column 1 (char 0)
2026-02-16 16:25:31,820 | INFO | Обрабатываю SECID=RU000A1041Q0
2026-02-16 16:25:31,859 | INFO | SECID=RU000A1041Q0: сформировано endpoint URL: 38
2026-02-16 16:25:32,027 | WARNING | Ошибка запроса https://iss.moex.com/iss/engines/stock/markets/bonds/boardgroups/58/securities/RU000A1041Q0/orderbook.json: Expecting value: line 1 column 1 (char 0)
2026-02-16 16:25:32,795 | WARNING | Ошибка запроса https://iss.moex.com/iss/engines/stock/markets/bonds/boards/TQCB/securities/RU000A1041Q0/orderbook.json: Expecting value: line 1 column 1 (char 0)
2026-02-16 16:25:33,384 | WARNING | Ошибка запроса https://iss.moex.com/iss/engines/stock/markets/bonds/securities/RU000A1041Q0/orderbook.json: Expecting value: line 1 column 1 (char 0)
2026-02-16 16:25:34,745 | WARNING | Ошибка запроса https://iss.moex.com/iss/statistics/complex/securities/RU000A1041Q0.json: Expecting value: line 1 column 1 (char 0)
2026-02-16 16:25:34,843 | INFO | Статистика запросов: api=100 cache=0 errors=14
2026-02-16 16:25:34,845 | INFO | Сохраняю Excel по каждому endpoint в endpoint_excels
2026-02-16 16:25:34,879 | INFO | Сохранён endpoint Excel: endpoint_excels\iss__analyticalproducts__futoi__securities__SU26238RMFS4.xlsx (листов=2)
2026-02-16 16:25:34,899 | INFO | Сохранён endpoint Excel: endpoint_excels\iss__analyticalproducts__netflow2__securities__SU26238RMFS4.xlsx (листов=1)
2026-02-16 16:25:34,963 | INFO | Сохранён endpoint Excel: endpoint_excels\iss__engines__stock__markets__bonds__boardgroups__123__securities__SU26238RMFS4.xlsx (листов=4)
2026-02-16 16:25:34,992 | INFO | Сохранён endpoint Excel: endpoint_excels\iss__engines__stock__markets__bonds__boardgroups__123__securities__SU26238RMFS4__candleborders.xlsx (листов=1)
2026-02-16 16:25:35,017 | INFO | Сохранён endpoint Excel: endpoint_excels\iss__engines__stock__markets__bonds__boardgroups__123__securities__SU26238RMFS4__candles.xlsx (листов=1)
2026-02-16 16:25:35,050 | INFO | Сохранён endpoint Excel: endpoint_excels\iss__engines__stock__markets__bonds__boardgroups__123__securities__SU26238RMFS4__trades.xlsx (листов=3)
2026-02-16 16:25:35,116 | INFO | Сохранён endpoint Excel: endpoint_excels\iss__engines__stock__markets__bonds__boardgroups__257__securities__SU26238RMFS4.xlsx (листов=4)
2026-02-16 16:25:35,142 | INFO | Сохранён endpoint Excel: endpoint_excels\iss__engines__stock__markets__bonds__boardgroups__257__securities__SU26238RMFS4__candleborders.xlsx (листов=1)
2026-02-16 16:25:35,168 | INFO | Сохранён endpoint Excel: endpoint_excels\iss__engines__stock__markets__bonds__boardgroups__257__securities__SU26238RMFS4__candles.xlsx (листов=1)
2026-02-16 16:25:35,202 | INFO | Сохранён endpoint Excel: endpoint_excels\iss__engines__stock__markets__bonds__boardgroups__257__securities__SU26238RMFS4__trades.xlsx (листов=3)
2026-02-16 16:25:35,285 | INFO | Сохранён endpoint Excel: endpoint_excels\iss__engines__stock__markets__bonds__boardgroups__58__securities__SU26238RMFS4.xlsx (листов=4)
2026-02-16 16:25:35,302 | INFO | Сохранён endpoint Excel: endpoint_excels\iss__engines__stock__markets__bonds__boardgroups__58__securities__SU26238RMFS4__candleborders.xlsx (листов=1)
2026-02-16 16:25:35,509 | INFO | Сохранён endpoint Excel: endpoint_excels\iss__engines__stock__markets__bonds__boardgroups__58__securities__SU26238RMFS4__candles.xlsx (листов=1)
2026-02-16 16:25:35,637 | INFO | Сохранён endpoint Excel: endpoint_excels\iss__engines__stock__markets__bonds__boardgroups__58__securities__SU26238RMFS4__trades.xlsx (листов=3)
2026-02-16 16:25:35,712 | INFO | Сохранён endpoint Excel: endpoint_excels\iss__engines__stock__markets__bonds__boards__AUCT__securities__SU26238RMFS4.xlsx (листов=4)
2026-02-16 16:25:35,748 | INFO | Сохранён endpoint Excel: endpoint_excels\iss__engines__stock__markets__bonds__boards__AUCT__securities__SU26238RMFS4__candleborders.xlsx (листов=2)
2026-02-16 16:25:35,767 | INFO | Сохранён endpoint Excel: endpoint_excels\iss__engines__stock__markets__bonds__boards__AUCT__securities__SU26238RMFS4__candles.xlsx (листов=1)
2026-02-16 16:25:35,803 | INFO | Сохранён endpoint Excel: endpoint_excels\iss__engines__stock__markets__bonds__boards__AUCT__securities__SU26238RMFS4__trades.xlsx (листов=3)
2026-02-16 16:25:35,875 | INFO | Сохранён endpoint Excel: endpoint_excels\iss__engines__stock__markets__bonds__boards__PACT__securities__SU26238RMFS4.xlsx (листов=4)
2026-02-16 16:25:35,904 | INFO | Сохранён endpoint Excel: endpoint_excels\iss__engines__stock__markets__bonds__boards__PACT__securities__SU26238RMFS4__candleborders.xlsx (листов=2)
2026-02-16 16:25:35,912 | INFO | Сохранён endpoint Excel: endpoint_excels\iss__engines__stock__markets__bonds__boards__PACT__securities__SU26238RMFS4__candles.xlsx (листов=1)
2026-02-16 16:25:35,966 | INFO | Сохранён endpoint Excel: endpoint_excels\iss__engines__stock__markets__bonds__boards__PACT__securities__SU26238RMFS4__trades.xlsx (листов=3)
2026-02-16 16:25:36,045 | INFO | Сохранён endpoint Excel: endpoint_excels\iss__engines__stock__markets__bonds__boards__TQOB__securities__SU26238RMFS4.xlsx (листов=4)
2026-02-16 16:25:36,075 | INFO | Сохранён endpoint Excel: endpoint_excels\iss__engines__stock__markets__bonds__boards__TQOB__securities__SU26238RMFS4__candleborders.xlsx (листов=2)
2026-02-16 16:25:36,274 | INFO | Сохранён endpoint Excel: endpoint_excels\iss__engines__stock__markets__bonds__boards__TQOB__securities__SU26238RMFS4__candles.xlsx (листов=1)
2026-02-16 16:25:36,413 | INFO | Сохранён endpoint Excel: endpoint_excels\iss__engines__stock__markets__bonds__boards__TQOB__securities__SU26238RMFS4__trades.xlsx (листов=3)
2026-02-16 16:25:36,492 | INFO | Сохранён endpoint Excel: endpoint_excels\iss__engines__stock__markets__bonds__securities__SU26238RMFS4.xlsx (листов=4)
2026-02-16 16:25:36,518 | INFO | Сохранён endpoint Excel: endpoint_excels\iss__engines__stock__markets__bonds__securities__SU26238RMFS4__candleborders.xlsx (листов=1)
2026-02-16 16:25:36,716 | INFO | Сохранён endpoint Excel: endpoint_excels\iss__engines__stock__markets__bonds__securities__SU26238RMFS4__candles.xlsx (листов=1)
2026-02-16 16:25:36,845 | INFO | Сохранён endpoint Excel: endpoint_excels\iss__engines__stock__markets__bonds__securities__SU26238RMFS4__trades.xlsx (листов=3)
2026-02-16 16:25:36,930 | INFO | Сохранён endpoint Excel: endpoint_excels\iss__history__engines__stock__markets__bonds__boardgroups__123__securities__SU26238RMFS4.xlsx (листов=2)
2026-02-16 16:25:36,958 | INFO | Сохранён endpoint Excel: endpoint_excels\iss__history__engines__stock__markets__bonds__boardgroups__123__securities__SU26238RMFS4__dates.xlsx (листов=1)
2026-02-16 16:25:37,009 | INFO | Сохранён endpoint Excel: endpoint_excels\iss__history__engines__stock__markets__bonds__boardgroups__123__yields__SU26238RMFS4.xlsx (листов=1)
2026-02-16 16:25:37,083 | INFO | Сохранён endpoint Excel: endpoint_excels\iss__history__engines__stock__markets__bonds__boardgroups__257__securities__SU26238RMFS4.xlsx (листов=2)
2026-02-16 16:25:37,109 | INFO | Сохранён endpoint Excel: endpoint_excels\iss__history__engines__stock__markets__bonds__boardgroups__257__securities__SU26238RMFS4__dates.xlsx (листов=1)
2026-02-16 16:25:37,158 | INFO | Сохранён endpoint Excel: endpoint_excels\iss__history__engines__stock__markets__bonds__boardgroups__257__yields__SU26238RMFS4.xlsx (листов=1)
2026-02-16 16:25:37,387 | INFO | Сохранён endpoint Excel: endpoint_excels\iss__history__engines__stock__markets__bonds__boardgroups__58__securities__SU26238RMFS4.xlsx (листов=2)
2026-02-16 16:25:37,411 | INFO | Сохранён endpoint Excel: endpoint_excels\iss__history__engines__stock__markets__bonds__boardgroups__58__securities__SU26238RMFS4__dates.xlsx (листов=1)
2026-02-16 16:25:37,509 | INFO | Сохранён endpoint Excel: endpoint_excels\iss__history__engines__stock__markets__bonds__boardgroups__58__yields__SU26238RMFS4.xlsx (листов=1)
2026-02-16 16:25:37,590 | INFO | Сохранён endpoint Excel: endpoint_excels\iss__history__engines__stock__markets__bonds__boards__AUCT__securities__SU26238RMFS4.xlsx (листов=2)
2026-02-16 16:25:37,597 | INFO | Сохранён endpoint Excel: endpoint_excels\iss__history__engines__stock__markets__bonds__boards__AUCT__securities__SU26238RMFS4__dates.xlsx (листов=1)
2026-02-16 16:25:37,653 | INFO | Сохранён endpoint Excel: endpoint_excels\iss__history__engines__stock__markets__bonds__boards__AUCT__yields__SU26238RMFS4.xlsx (листов=1)
2026-02-16 16:25:37,740 | INFO | Сохранён endpoint Excel: endpoint_excels\iss__history__engines__stock__markets__bonds__boards__PACT__securities__SU26238RMFS4.xlsx (листов=2)
2026-02-16 16:25:37,757 | INFO | Сохранён endpoint Excel: endpoint_excels\iss__history__engines__stock__markets__bonds__boards__PACT__securities__SU26238RMFS4__dates.xlsx (листов=1)
2026-02-16 16:25:37,791 | INFO | Сохранён endpoint Excel: endpoint_excels\iss__history__engines__stock__markets__bonds__boards__PACT__yields__SU26238RMFS4.xlsx (листов=1)
2026-02-16 16:25:38,010 | INFO | Сохранён endpoint Excel: endpoint_excels\iss__history__engines__stock__markets__bonds__boards__TQOB__securities__SU26238RMFS4.xlsx (листов=2)
2026-02-16 16:25:38,027 | INFO | Сохранён endpoint Excel: endpoint_excels\iss__history__engines__stock__markets__bonds__boards__TQOB__securities__SU26238RMFS4__dates.xlsx (листов=1)
2026-02-16 16:25:38,128 | INFO | Сохранён endpoint Excel: endpoint_excels\iss__history__engines__stock__markets__bonds__boards__TQOB__yields__SU26238RMFS4.xlsx (листов=1)
2026-02-16 16:25:38,315 | INFO | Сохранён endpoint Excel: endpoint_excels\iss__history__engines__stock__markets__bonds__securities__SU26238RMFS4.xlsx (листов=2)
2026-02-16 16:25:38,331 | INFO | Сохранён endpoint Excel: endpoint_excels\iss__history__engines__stock__markets__bonds__securities__SU26238RMFS4__dates.xlsx (листов=1)
2026-02-16 16:25:38,411 | INFO | Сохранён endpoint Excel: endpoint_excels\iss__history__engines__stock__markets__bonds__sessions__total__boardgroups__123__securities__SU26238RMFS4.xlsx (листов=2)
2026-02-16 16:25:38,501 | INFO | Сохранён endpoint Excel: endpoint_excels\iss__history__engines__stock__markets__bonds__sessions__total__boardgroups__257__securities__SU26238RMFS4.xlsx (листов=2)
2026-02-16 16:25:38,704 | INFO | Сохранён endpoint Excel: endpoint_excels\iss__history__engines__stock__markets__bonds__sessions__total__boardgroups__58__securities__SU26238RMFS4.xlsx (листов=2)
2026-02-16 16:25:38,775 | INFO | Сохранён endpoint Excel: endpoint_excels\iss__history__engines__stock__markets__bonds__sessions__total__boards__AUCT__securities__SU26238RMFS4.xlsx (листов=1)
2026-02-16 16:25:38,853 | INFO | Сохранён endpoint Excel: endpoint_excels\iss__history__engines__stock__markets__bonds__sessions__total__boards__PACT__securities__SU26238RMFS4.xlsx (листов=1)
2026-02-16 16:25:39,090 | INFO | Сохранён endpoint Excel: endpoint_excels\iss__history__engines__stock__markets__bonds__sessions__total__boards__TQOB__securities__SU26238RMFS4.xlsx (листов=1)
2026-02-16 16:25:39,305 | INFO | Сохранён endpoint Excel: endpoint_excels\iss__history__engines__stock__markets__bonds__sessions__total__securities__SU26238RMFS4.xlsx (листов=2)
2026-02-16 16:25:39,410 | INFO | Сохранён endpoint Excel: endpoint_excels\iss__history__engines__stock__markets__bonds__yields__SU26238RMFS4.xlsx (листов=1)
2026-02-16 16:25:39,448 | INFO | Сохранён endpoint Excel: endpoint_excels\iss__history__engines__stock__totals__boards__AUCT__securities__SU26238RMFS4.xlsx (листов=3)
2026-02-16 16:25:39,486 | INFO | Сохранён endpoint Excel: endpoint_excels\iss__history__engines__stock__totals__boards__PACT__securities__SU26238RMFS4.xlsx (листов=3)
2026-02-16 16:25:39,519 | INFO | Сохранён endpoint Excel: endpoint_excels\iss__history__engines__stock__totals__boards__TQOB__securities__SU26238RMFS4.xlsx (листов=3)
2026-02-16 16:25:39,606 | INFO | Сохранён endpoint Excel: endpoint_excels\iss__securities__SU26238RMFS4.xlsx (листов=2)
2026-02-16 16:25:39,638 | INFO | Сохранён endpoint Excel: endpoint_excels\iss__securities__SU26238RMFS4__aggregates.xlsx (листов=2)
2026-02-16 16:25:39,658 | INFO | Сохранён endpoint Excel: endpoint_excels\iss__securities__SU26238RMFS4__indices.xlsx (листов=1)
2026-02-16 16:25:39,678 | INFO | Сохранён endpoint Excel: endpoint_excels\iss__statistics__engines__currency__markets__fixing__SU26238RMFS4.xlsx (листов=3)
2026-02-16 16:25:39,720 | INFO | Сохранён endpoint Excel: endpoint_excels\iss__statistics__engines__futures__markets__indicativerates__securities__SU26238RMFS4.xlsx (листов=4)
2026-02-16 16:25:39,738 | INFO | Сохранён endpoint Excel: endpoint_excels\iss__statistics__engines__stock__splits__SU26238RMFS4.xlsx (листов=1)
2026-02-16 16:25:39,749 | INFO | Сохранён endpoint Excel: endpoint_excels\iss__analyticalproducts__futoi__securities__RU000A1041Q0.xlsx (листов=2)
2026-02-16 16:25:39,780 | INFO | Сохранён endpoint Excel: endpoint_excels\iss__analyticalproducts__netflow2__securities__RU000A1041Q0.xlsx (листов=1)
2026-02-16 16:25:39,864 | INFO | Сохранён endpoint Excel: endpoint_excels\iss__engines__stock__markets__bonds__boardgroups__58__securities__RU000A1041Q0.xlsx (листов=4)
2026-02-16 16:25:39,885 | INFO | Сохранён endpoint Excel: endpoint_excels\iss__engines__stock__markets__bonds__boardgroups__58__securities__RU000A1041Q0__candleborders.xlsx (листов=1)
2026-02-16 16:25:40,075 | INFO | Сохранён endpoint Excel: endpoint_excels\iss__engines__stock__markets__bonds__boardgroups__58__securities__RU000A1041Q0__candles.xlsx (листов=1)
2026-02-16 16:25:40,117 | INFO | Сохранён endpoint Excel: endpoint_excels\iss__engines__stock__markets__bonds__boardgroups__58__securities__RU000A1041Q0__trades.xlsx (листов=3)
2026-02-16 16:25:40,188 | INFO | Сохранён endpoint Excel: endpoint_excels\iss__engines__stock__markets__bonds__boards__TQCB__securities__RU000A1041Q0.xlsx (листов=4)
2026-02-16 16:25:40,226 | INFO | Сохранён endpoint Excel: endpoint_excels\iss__engines__stock__markets__bonds__boards__TQCB__securities__RU000A1041Q0__candleborders.xlsx (листов=2)
2026-02-16 16:25:40,428 | INFO | Сохранён endpoint Excel: endpoint_excels\iss__engines__stock__markets__bonds__boards__TQCB__securities__RU000A1041Q0__candles.xlsx (листов=1)
2026-02-16 16:25:40,458 | INFO | Сохранён endpoint Excel: endpoint_excels\iss__engines__stock__markets__bonds__boards__TQCB__securities__RU000A1041Q0__trades.xlsx (листов=3)
2026-02-16 16:25:40,566 | INFO | Сохранён endpoint Excel: endpoint_excels\iss__engines__stock__markets__bonds__securities__RU000A1041Q0.xlsx (листов=4)
2026-02-16 16:25:40,583 | INFO | Сохранён endpoint Excel: endpoint_excels\iss__engines__stock__markets__bonds__securities__RU000A1041Q0__candleborders.xlsx (листов=1)
2026-02-16 16:25:40,775 | INFO | Сохранён endpoint Excel: endpoint_excels\iss__engines__stock__markets__bonds__securities__RU000A1041Q0__candles.xlsx (листов=1)
2026-02-16 16:25:40,812 | INFO | Сохранён endpoint Excel: endpoint_excels\iss__engines__stock__markets__bonds__securities__RU000A1041Q0__trades.xlsx (листов=3)
2026-02-16 16:25:41,073 | INFO | Сохранён endpoint Excel: endpoint_excels\iss__history__engines__stock__markets__bonds__boardgroups__58__securities__RU000A1041Q0.xlsx (листов=2)
2026-02-16 16:25:41,090 | INFO | Сохранён endpoint Excel: endpoint_excels\iss__history__engines__stock__markets__bonds__boardgroups__58__securities__RU000A1041Q0__dates.xlsx (листов=1)
2026-02-16 16:25:41,179 | INFO | Сохранён endpoint Excel: endpoint_excels\iss__history__engines__stock__markets__bonds__boardgroups__58__yields__RU000A1041Q0.xlsx (листов=1)
2026-02-16 16:25:41,389 | INFO | Сохранён endpoint Excel: endpoint_excels\iss__history__engines__stock__markets__bonds__boards__TQCB__securities__RU000A1041Q0.xlsx (листов=2)
2026-02-16 16:25:41,409 | INFO | Сохранён endpoint Excel: endpoint_excels\iss__history__engines__stock__markets__bonds__boards__TQCB__securities__RU000A1041Q0__dates.xlsx (листов=1)
2026-02-16 16:25:41,527 | INFO | Сохранён endpoint Excel: endpoint_excels\iss__history__engines__stock__markets__bonds__boards__TQCB__yields__RU000A1041Q0.xlsx (листов=1)
2026-02-16 16:25:41,723 | INFO | Сохранён endpoint Excel: endpoint_excels\iss__history__engines__stock__markets__bonds__securities__RU000A1041Q0.xlsx (листов=2)
2026-02-16 16:25:41,739 | INFO | Сохранён endpoint Excel: endpoint_excels\iss__history__engines__stock__markets__bonds__securities__RU000A1041Q0__dates.xlsx (листов=1)
2026-02-16 16:25:41,938 | INFO | Сохранён endpoint Excel: endpoint_excels\iss__history__engines__stock__markets__bonds__sessions__total__boardgroups__58__securities__RU000A1041Q0.xlsx (листов=2)
2026-02-16 16:25:42,164 | INFO | Сохранён endpoint Excel: endpoint_excels\iss__history__engines__stock__markets__bonds__sessions__total__boards__TQCB__securities__RU000A1041Q0.xlsx (листов=1)
2026-02-16 16:25:42,369 | INFO | Сохранён endpoint Excel: endpoint_excels\iss__history__engines__stock__markets__bonds__sessions__total__securities__RU000A1041Q0.xlsx (листов=2)
2026-02-16 16:25:42,469 | INFO | Сохранён endpoint Excel: endpoint_excels\iss__history__engines__stock__markets__bonds__yields__RU000A1041Q0.xlsx (листов=1)
2026-02-16 16:25:42,508 | INFO | Сохранён endpoint Excel: endpoint_excels\iss__history__engines__stock__totals__boards__TQCB__securities__RU000A1041Q0.xlsx (листов=3)
2026-02-16 16:25:42,625 | INFO | Сохранён endpoint Excel: endpoint_excels\iss__securities__RU000A1041Q0.xlsx (листов=2)
2026-02-16 16:25:42,650 | INFO | Сохранён endpoint Excel: endpoint_excels\iss__securities__RU000A1041Q0__aggregates.xlsx (листов=2)
2026-02-16 16:25:42,675 | INFO | Сохранён endpoint Excel: endpoint_excels\iss__securities__RU000A1041Q0__indices.xlsx (листов=1)
2026-02-16 16:25:42,706 | INFO | Сохранён endpoint Excel: endpoint_excels\iss__statistics__engines__currency__markets__fixing__RU000A1041Q0.xlsx (листов=3)
2026-02-16 16:25:42,740 | INFO | Сохранён endpoint Excel: endpoint_excels\iss__statistics__engines__futures__markets__indicativerates__securities__RU000A1041Q0.xlsx (листов=4)
2026-02-16 16:25:42,758 | INFO | Сохранён endpoint Excel: endpoint_excels\iss__statistics__engines__stock__splits__RU000A1041Q0.xlsx (листов=1)
2026-02-16 16:25:42,760 | INFO | Готово. Всего endpoint Excel: 100
2026-02-16 16:39:32,746 | INFO | Читаю SECID из moex_bonds.xlsx
2026-02-16 16:39:33,878 | INFO | Найдено уникальных SECID: 2242
2026-02-16 16:39:33,878 | INFO | Выбранные SECID на период отладки: ['SU26238RMFS4', 'RU000A1041Q0']
2026-02-16 16:39:33,878 | INFO | Получаю список endpoint'ов из https://iss.moex.com/iss/reference
2026-02-16 16:39:34,340 | INFO | Найдено шаблонов endpoint с [security]: 38
2026-02-16 16:39:34,340 | INFO | Обрабатываю SECID=SU26238RMFS4
2026-02-16 16:39:34,929 | INFO | SECID=SU26238RMFS4: сформировано endpoint URL: 76
2026-02-16 16:39:34,932 | INFO | Обрабатываю SECID=RU000A1041Q0
2026-02-16 16:39:35,202 | INFO | SECID=RU000A1041Q0: сформировано endpoint URL: 38
2026-02-16 16:39:35,204 | INFO | Статистика запросов: api=0 cache=100 non_json=12 http_skipped=2 errors=0
2026-02-16 16:39:35,204 | INFO | Сохраняю Excel по endpoint-шаблонам в endpoint_excels
2026-02-16 16:39:35,293 | INFO | Сохранён endpoint Excel: endpoint_excels\iss__analyticalproducts__futoi__securities__security.xlsx (листов=2)
2026-02-16 16:39:35,312 | INFO | Сохранён endpoint Excel: endpoint_excels\iss__analyticalproducts__netflow2__securities__security.xlsx (листов=1)
2026-02-16 16:39:35,425 | INFO | Сохранён endpoint Excel: endpoint_excels\iss__engines__engine__markets__market__boardgroups__boardgroup__securities__security.xlsx (листов=4)
2026-02-16 16:39:35,459 | INFO | Сохранён endpoint Excel: endpoint_excels\iss__engines__engine__markets__market__boardgroups__boardgroup__securities__security__candleborders.xlsx (листов=1)
2026-02-16 16:39:35,834 | INFO | Сохранён endpoint Excel: endpoint_excels\iss__engines__engine__markets__market__boardgroups__boardgroup__securities__security__candles.xlsx (листов=1)
2026-02-16 16:39:35,993 | INFO | Сохранён endpoint Excel: endpoint_excels\iss__engines__engine__markets__market__boardgroups__boardgroup__securities__security__trades.xlsx (листов=3)
2026-02-16 16:39:36,088 | INFO | Сохранён endpoint Excel: endpoint_excels\iss__engines__engine__markets__market__boards__board__securities__security.xlsx (листов=4)
2026-02-16 16:39:36,142 | INFO | Сохранён endpoint Excel: endpoint_excels\iss__engines__engine__markets__market__boards__board__securities__security__candleborders.xlsx (листов=2)
2026-02-16 16:39:36,529 | INFO | Сохранён endpoint Excel: endpoint_excels\iss__engines__engine__markets__market__boards__board__securities__security__candles.xlsx (листов=1)
2026-02-16 16:39:36,695 | INFO | Сохранён endpoint Excel: endpoint_excels\iss__engines__engine__markets__market__boards__board__securities__security__trades.xlsx (листов=3)
2026-02-16 16:39:36,799 | INFO | Сохранён endpoint Excel: endpoint_excels\iss__engines__engine__markets__market__securities__security.xlsx (листов=4)
2026-02-16 16:39:36,832 | INFO | Сохранён endpoint Excel: endpoint_excels\iss__engines__engine__markets__market__securities__security__candleborders.xlsx (листов=1)
2026-02-16 16:39:37,235 | INFO | Сохранён endpoint Excel: endpoint_excels\iss__engines__engine__markets__market__securities__security__candles.xlsx (листов=1)
2026-02-16 16:39:37,421 | INFO | Сохранён endpoint Excel: endpoint_excels\iss__engines__engine__markets__market__securities__security__trades.xlsx (листов=3)
2026-02-16 16:39:37,926 | INFO | Сохранён endpoint Excel: endpoint_excels\iss__history__engines__engine__markets__market__boardgroups__boardgroup__securities__security.xlsx (листов=2)
2026-02-16 16:39:37,948 | INFO | Сохранён endpoint Excel: endpoint_excels\iss__history__engines__engine__markets__market__boardgroups__boardgroup__securities__security__dates.xlsx (листов=1)
2026-02-16 16:39:38,172 | INFO | Сохранён endpoint Excel: endpoint_excels\iss__history__engines__engine__markets__market__boardgroups__boardgroup__yields__security.xlsx (листов=1)
2026-02-16 16:39:38,692 | INFO | Сохранён endpoint Excel: endpoint_excels\iss__history__engines__engine__markets__market__boards__board__securities__security.xlsx (листов=2)
2026-02-16 16:39:38,711 | INFO | Сохранён endpoint Excel: endpoint_excels\iss__history__engines__engine__markets__market__boards__board__securities__security__dates.xlsx (листов=1)
2026-02-16 16:39:38,943 | INFO | Сохранён endpoint Excel: endpoint_excels\iss__history__engines__engine__markets__market__boards__board__yields__security.xlsx (листов=1)
2026-02-16 16:39:39,314 | INFO | Сохранён endpoint Excel: endpoint_excels\iss__history__engines__engine__markets__market__securities__security.xlsx (листов=2)
2026-02-16 16:39:39,333 | INFO | Сохранён endpoint Excel: endpoint_excels\iss__history__engines__engine__markets__market__securities__security__dates.xlsx (листов=1)
2026-02-16 16:39:39,841 | INFO | Сохранён endpoint Excel: endpoint_excels\iss__history__engines__engine__markets__market__sessions__session__boardgroups__boardgroup__securities__security.xlsx (листов=2)
2026-02-16 16:39:40,306 | INFO | Сохранён endpoint Excel: endpoint_excels\iss__history__engines__engine__markets__market__sessions__session__boards__board__securities__security.xlsx (листов=1)
2026-02-16 16:39:40,705 | INFO | Сохранён endpoint Excel: endpoint_excels\iss__history__engines__engine__markets__market__sessions__session__securities__security.xlsx (листов=2)
2026-02-16 16:39:40,894 | INFO | Сохранён endpoint Excel: endpoint_excels\iss__history__engines__engine__markets__market__yields__security.xlsx (листов=1)
2026-02-16 16:39:40,950 | INFO | Сохранён endpoint Excel: endpoint_excels\iss__history__engines__stock__totals__boards__board__securities__security.xlsx (листов=3)
2026-02-16 16:39:41,119 | INFO | Сохранён endpoint Excel: endpoint_excels\iss__securities__security.xlsx (листов=2)
2026-02-16 16:39:41,163 | INFO | Сохранён endpoint Excel: endpoint_excels\iss__securities__security__aggregates.xlsx (листов=2)
2026-02-16 16:39:41,193 | INFO | Сохранён endpoint Excel: endpoint_excels\iss__securities__security__indices.xlsx (листов=1)
2026-02-16 16:39:41,224 | INFO | Сохранён endpoint Excel: endpoint_excels\iss__statistics__engines__currency__markets__fixing__security.xlsx (листов=3)
2026-02-16 16:39:41,271 | INFO | Сохранён endpoint Excel: endpoint_excels\iss__statistics__engines__futures__markets__indicativerates__securities__security.xlsx (листов=4)
2026-02-16 16:39:41,292 | INFO | Сохранён endpoint Excel: endpoint_excels\iss__statistics__engines__stock__splits__security.xlsx (листов=1)
2026-02-16 16:39:41,293 | INFO | Готово. Всего endpoint Excel: 33
2026-02-16 16:39:41,293 | INFO | Общее время выполнения: 8.55 сек.
