2026-02-07 07:48:03,858 - INFO - [moex_bond_details.py:45] - Инициализировано логирование. Детальные логи в: logs\moex_bond_collector.log
2026-02-07 07:48:03,860 - INFO - [moex_bond_details.py:288] - ============================================================
2026-02-07 07:48:03,860 - INFO - [moex_bond_details.py:289] - СКРИПТ СБОРА ДАННЫХ ПО ОБЛИГАЦИЯМ MOEX (ИСПРАВЛЕННЫЙ)
2026-02-07 07:48:03,860 - INFO - [moex_bond_details.py:290] - ============================================================
2026-02-07 07:48:03,865 - INFO - [moex_bond_details.py:291] - Облигаций для обработки: 5
2026-02-07 07:48:03,867 - INFO - [moex_bond_details.py:292] - ISIN: ['RU000A10D533', 'RU000A0JV4P3', 'RU000A10DB16', 'RU000A0ZZ885', 'RU000A106LL5']
2026-02-07 07:48:03,867 - INFO - [moex_bond_details.py:293] - Дата запуска: 2026-02-07 07:48:03
2026-02-07 07:48:03,868 - INFO - [moex_bond_details.py:294] - ============================================================
2026-02-07 07:48:03,870 - INFO - [moex_bond_details.py:304] - 
[1/5] Обработка облигации: RU000A10D533
2026-02-07 07:48:03,870 - INFO - [moex_bond_details.py:114] - 
Сбор данных для: RU000A10D533
2026-02-07 07:48:03,871 - INFO - [moex_bond_details.py:128] -   Загрузка: securities
2026-02-07 07:48:03,872 - DEBUG - [moex_bond_details.py:67] - Запрос: https://iss.moex.com/iss/securities/RU000A10D533.json?iss.meta=off&iss.json=extended&limit=unlimited
2026-02-07 07:48:04,498 - DEBUG - [moex_bond_details.py:79] - JSON успешно распарсен. Структура: <class 'list'>
2026-02-07 07:48:04,500 - WARNING - [moex_bond_details.py:137] -     ✗ Нет данных
2026-02-07 07:48:04,500 - INFO - [moex_bond_details.py:128] -   Загрузка: marketdata
2026-02-07 07:48:04,500 - DEBUG - [moex_bond_details.py:67] - Запрос: https://iss.moex.com/iss/securities/RU000A10D533/marketdata.json?iss.meta=off&iss.json=extended&limit=unlimited
2026-02-07 07:48:04,857 - DEBUG - [moex_bond_details.py:79] - JSON успешно распарсен. Структура: <class 'list'>
2026-02-07 07:48:04,858 - WARNING - [moex_bond_details.py:137] -     ✗ Нет данных
2026-02-07 07:48:04,858 - INFO - [moex_bond_details.py:128] -   Загрузка: coupons
2026-02-07 07:48:04,858 - DEBUG - [moex_bond_details.py:67] - Запрос: https://iss.moex.com/iss/securities/RU000A10D533/coupons.json?iss.meta=off&iss.json=extended&limit=unlimited
2026-02-07 07:48:05,208 - DEBUG - [moex_bond_details.py:79] - JSON успешно распарсен. Структура: <class 'list'>
2026-02-07 07:48:05,223 - WARNING - [moex_bond_details.py:137] -     ✗ Нет данных
2026-02-07 07:48:05,223 - INFO - [moex_bond_details.py:128] -   Загрузка: offers
2026-02-07 07:48:05,223 - DEBUG - [moex_bond_details.py:67] - Запрос: https://iss.moex.com/iss/securities/RU000A10D533/offers.json?iss.meta=off&iss.json=extended&limit=unlimited
2026-02-07 07:48:05,588 - DEBUG - [moex_bond_details.py:79] - JSON успешно распарсен. Структура: <class 'list'>
2026-02-07 07:48:05,598 - WARNING - [moex_bond_details.py:137] -     ✗ Нет данных
2026-02-07 07:48:05,598 - INFO - [moex_bond_details.py:128] -   Загрузка: amortizations
2026-02-07 07:48:05,598 - DEBUG - [moex_bond_details.py:67] - Запрос: https://iss.moex.com/iss/securities/RU000A10D533/amortizations.json?iss.meta=off&iss.json=extended&limit=unlimited
2026-02-07 07:48:05,948 - DEBUG - [moex_bond_details.py:79] - JSON успешно распарсен. Структура: <class 'list'>
2026-02-07 07:48:05,963 - WARNING - [moex_bond_details.py:137] -     ✗ Нет данных
2026-02-07 07:48:05,965 - WARNING - [moex_bond_details.py:316] - ✗ Не удалось получить данные для RU000A10D533
2026-02-07 07:48:05,965 - INFO - [moex_bond_details.py:323] - Время обработки: 2.09 сек
2026-02-07 07:48:05,965 - INFO - [moex_bond_details.py:304] - 
[2/5] Обработка облигации: RU000A0JV4P3
2026-02-07 07:48:05,965 - INFO - [moex_bond_details.py:114] - 
Сбор данных для: RU000A0JV4P3
2026-02-07 07:48:05,965 - INFO - [moex_bond_details.py:128] -   Загрузка: securities
2026-02-07 07:48:05,965 - DEBUG - [moex_bond_details.py:67] - Запрос: https://iss.moex.com/iss/securities/RU000A0JV4P3.json?iss.meta=off&iss.json=extended&limit=unlimited
2026-02-07 07:48:06,307 - DEBUG - [moex_bond_details.py:79] - JSON успешно распарсен. Структура: <class 'list'>
2026-02-07 07:48:06,307 - WARNING - [moex_bond_details.py:137] -     ✗ Нет данных
2026-02-07 07:48:06,307 - INFO - [moex_bond_details.py:128] -   Загрузка: marketdata
2026-02-07 07:48:06,307 - DEBUG - [moex_bond_details.py:67] - Запрос: https://iss.moex.com/iss/securities/RU000A0JV4P3/marketdata.json?iss.meta=off&iss.json=extended&limit=unlimited
2026-02-07 07:48:06,685 - DEBUG - [moex_bond_details.py:79] - JSON успешно распарсен. Структура: <class 'list'>
2026-02-07 07:48:06,685 - WARNING - [moex_bond_details.py:137] -     ✗ Нет данных
2026-02-07 07:48:06,687 - INFO - [moex_bond_details.py:128] -   Загрузка: coupons
2026-02-07 07:48:06,687 - DEBUG - [moex_bond_details.py:67] - Запрос: https://iss.moex.com/iss/securities/RU000A0JV4P3/coupons.json?iss.meta=off&iss.json=extended&limit=unlimited
2026-02-07 07:48:07,087 - DEBUG - [moex_bond_details.py:79] - JSON успешно распарсен. Структура: <class 'list'>
2026-02-07 07:48:07,089 - WARNING - [moex_bond_details.py:137] -     ✗ Нет данных
2026-02-07 07:48:07,090 - INFO - [moex_bond_details.py:128] -   Загрузка: offers
2026-02-07 07:48:07,090 - DEBUG - [moex_bond_details.py:67] - Запрос: https://iss.moex.com/iss/securities/RU000A0JV4P3/offers.json?iss.meta=off&iss.json=extended&limit=unlimited
2026-02-07 07:48:07,449 - DEBUG - [moex_bond_details.py:79] - JSON успешно распарсен. Структура: <class 'list'>
2026-02-07 07:48:07,449 - WARNING - [moex_bond_details.py:137] -     ✗ Нет данных
2026-02-07 07:48:07,451 - INFO - [moex_bond_details.py:128] -   Загрузка: amortizations
2026-02-07 07:48:07,451 - DEBUG - [moex_bond_details.py:67] - Запрос: https://iss.moex.com/iss/securities/RU000A0JV4P3/amortizations.json?iss.meta=off&iss.json=extended&limit=unlimited
2026-02-07 07:48:07,819 - DEBUG - [moex_bond_details.py:79] - JSON успешно распарсен. Структура: <class 'list'>
2026-02-07 07:48:07,819 - WARNING - [moex_bond_details.py:137] -     ✗ Нет данных
2026-02-07 07:48:07,819 - WARNING - [moex_bond_details.py:316] - ✗ Не удалось получить данные для RU000A0JV4P3
2026-02-07 07:48:07,819 - INFO - [moex_bond_details.py:323] - Время обработки: 1.85 сек
2026-02-07 07:48:07,819 - INFO - [moex_bond_details.py:304] - 
[3/5] Обработка облигации: RU000A10DB16
2026-02-07 07:48:07,819 - INFO - [moex_bond_details.py:114] - 
Сбор данных для: RU000A10DB16
2026-02-07 07:48:07,826 - INFO - [moex_bond_details.py:128] -   Загрузка: securities
2026-02-07 07:48:07,826 - DEBUG - [moex_bond_details.py:67] - Запрос: https://iss.moex.com/iss/securities/RU000A10DB16.json?iss.meta=off&iss.json=extended&limit=unlimited
2026-02-07 07:48:08,216 - DEBUG - [moex_bond_details.py:79] - JSON успешно распарсен. Структура: <class 'list'>
2026-02-07 07:48:08,218 - WARNING - [moex_bond_details.py:137] -     ✗ Нет данных
2026-02-07 07:48:08,218 - INFO - [moex_bond_details.py:128] -   Загрузка: marketdata
2026-02-07 07:48:08,218 - DEBUG - [moex_bond_details.py:67] - Запрос: https://iss.moex.com/iss/securities/RU000A10DB16/marketdata.json?iss.meta=off&iss.json=extended&limit=unlimited
2026-02-07 07:48:08,582 - DEBUG - [moex_bond_details.py:79] - JSON успешно распарсен. Структура: <class 'list'>
2026-02-07 07:48:08,582 - WARNING - [moex_bond_details.py:137] -     ✗ Нет данных
2026-02-07 07:48:08,582 - INFO - [moex_bond_details.py:128] -   Загрузка: coupons
2026-02-07 07:48:08,582 - DEBUG - [moex_bond_details.py:67] - Запрос: https://iss.moex.com/iss/securities/RU000A10DB16/coupons.json?iss.meta=off&iss.json=extended&limit=unlimited
2026-02-07 07:48:08,962 - DEBUG - [moex_bond_details.py:79] - JSON успешно распарсен. Структура: <class 'list'>
2026-02-07 07:48:08,962 - WARNING - [moex_bond_details.py:137] -     ✗ Нет данных
2026-02-07 07:48:08,962 - INFO - [moex_bond_details.py:128] -   Загрузка: offers
2026-02-07 07:48:08,962 - DEBUG - [moex_bond_details.py:67] - Запрос: https://iss.moex.com/iss/securities/RU000A10DB16/offers.json?iss.meta=off&iss.json=extended&limit=unlimited
2026-02-07 07:48:09,339 - DEBUG - [moex_bond_details.py:79] - JSON успешно распарсен. Структура: <class 'list'>
2026-02-07 07:48:09,339 - WARNING - [moex_bond_details.py:137] -     ✗ Нет данных
2026-02-07 07:48:09,339 - INFO - [moex_bond_details.py:128] -   Загрузка: amortizations
2026-02-07 07:48:09,339 - DEBUG - [moex_bond_details.py:67] - Запрос: https://iss.moex.com/iss/securities/RU000A10DB16/amortizations.json?iss.meta=off&iss.json=extended&limit=unlimited
2026-02-07 07:48:09,715 - DEBUG - [moex_bond_details.py:79] - JSON успешно распарсен. Структура: <class 'list'>
2026-02-07 07:48:09,717 - WARNING - [moex_bond_details.py:137] -     ✗ Нет данных
2026-02-07 07:48:09,717 - WARNING - [moex_bond_details.py:316] - ✗ Не удалось получить данные для RU000A10DB16
2026-02-07 07:48:09,717 - INFO - [moex_bond_details.py:323] - Время обработки: 1.90 сек
2026-02-07 07:48:09,717 - INFO - [moex_bond_details.py:304] - 
[4/5] Обработка облигации: RU000A0ZZ885
2026-02-07 07:48:09,717 - INFO - [moex_bond_details.py:114] - 
Сбор данных для: RU000A0ZZ885
2026-02-07 07:48:09,717 - INFO - [moex_bond_details.py:128] -   Загрузка: securities
2026-02-07 07:48:09,717 - DEBUG - [moex_bond_details.py:67] - Запрос: https://iss.moex.com/iss/securities/RU000A0ZZ885.json?iss.meta=off&iss.json=extended&limit=unlimited
2026-02-07 07:48:10,086 - DEBUG - [moex_bond_details.py:79] - JSON успешно распарсен. Структура: <class 'list'>
2026-02-07 07:48:10,086 - WARNING - [moex_bond_details.py:137] -     ✗ Нет данных
2026-02-07 07:48:10,086 - INFO - [moex_bond_details.py:128] -   Загрузка: marketdata
2026-02-07 07:48:10,086 - DEBUG - [moex_bond_details.py:67] - Запрос: https://iss.moex.com/iss/securities/RU000A0ZZ885/marketdata.json?iss.meta=off&iss.json=extended&limit=unlimited
2026-02-07 07:48:10,458 - DEBUG - [moex_bond_details.py:79] - JSON успешно распарсен. Структура: <class 'list'>
2026-02-07 07:48:10,460 - WARNING - [moex_bond_details.py:137] -     ✗ Нет данных
2026-02-07 07:48:10,460 - INFO - [moex_bond_details.py:128] -   Загрузка: coupons
2026-02-07 07:48:10,460 - DEBUG - [moex_bond_details.py:67] - Запрос: https://iss.moex.com/iss/securities/RU000A0ZZ885/coupons.json?iss.meta=off&iss.json=extended&limit=unlimited
2026-02-07 07:48:10,810 - DEBUG - [moex_bond_details.py:79] - JSON успешно распарсен. Структура: <class 'list'>
2026-02-07 07:48:10,810 - WARNING - [moex_bond_details.py:137] -     ✗ Нет данных
2026-02-07 07:48:10,810 - INFO - [moex_bond_details.py:128] -   Загрузка: offers
2026-02-07 07:48:10,810 - DEBUG - [moex_bond_details.py:67] - Запрос: https://iss.moex.com/iss/securities/RU000A0ZZ885/offers.json?iss.meta=off&iss.json=extended&limit=unlimited
2026-02-07 07:48:11,163 - DEBUG - [moex_bond_details.py:79] - JSON успешно распарсен. Структура: <class 'list'>
2026-02-07 07:48:11,163 - WARNING - [moex_bond_details.py:137] -     ✗ Нет данных
2026-02-07 07:48:11,165 - INFO - [moex_bond_details.py:128] -   Загрузка: amortizations
2026-02-07 07:48:11,165 - DEBUG - [moex_bond_details.py:67] - Запрос: https://iss.moex.com/iss/securities/RU000A0ZZ885/amortizations.json?iss.meta=off&iss.json=extended&limit=unlimited
2026-02-07 07:48:11,510 - DEBUG - [moex_bond_details.py:79] - JSON успешно распарсен. Структура: <class 'list'>
2026-02-07 07:48:11,510 - WARNING - [moex_bond_details.py:137] -     ✗ Нет данных
2026-02-07 07:48:11,510 - WARNING - [moex_bond_details.py:316] - ✗ Не удалось получить данные для RU000A0ZZ885
2026-02-07 07:48:11,510 - INFO - [moex_bond_details.py:323] - Время обработки: 1.79 сек
2026-02-07 07:48:11,510 - INFO - [moex_bond_details.py:304] - 
[5/5] Обработка облигации: RU000A106LL5
2026-02-07 07:48:11,510 - INFO - [moex_bond_details.py:114] - 
Сбор данных для: RU000A106LL5
2026-02-07 07:48:11,510 - INFO - [moex_bond_details.py:128] -   Загрузка: securities
2026-02-07 07:48:11,510 - DEBUG - [moex_bond_details.py:67] - Запрос: https://iss.moex.com/iss/securities/RU000A106LL5.json?iss.meta=off&iss.json=extended&limit=unlimited
2026-02-07 07:48:11,867 - DEBUG - [moex_bond_details.py:79] - JSON успешно распарсен. Структура: <class 'list'>
2026-02-07 07:48:11,867 - WARNING - [moex_bond_details.py:137] -     ✗ Нет данных
2026-02-07 07:48:11,867 - INFO - [moex_bond_details.py:128] -   Загрузка: marketdata
2026-02-07 07:48:11,867 - DEBUG - [moex_bond_details.py:67] - Запрос: https://iss.moex.com/iss/securities/RU000A106LL5/marketdata.json?iss.meta=off&iss.json=extended&limit=unlimited
2026-02-07 07:48:12,214 - DEBUG - [moex_bond_details.py:79] - JSON успешно распарсен. Структура: <class 'list'>
2026-02-07 07:48:12,214 - WARNING - [moex_bond_details.py:137] -     ✗ Нет данных
2026-02-07 07:48:12,214 - INFO - [moex_bond_details.py:128] -   Загрузка: coupons
2026-02-07 07:48:12,214 - DEBUG - [moex_bond_details.py:67] - Запрос: https://iss.moex.com/iss/securities/RU000A106LL5/coupons.json?iss.meta=off&iss.json=extended&limit=unlimited
2026-02-07 07:48:12,583 - DEBUG - [moex_bond_details.py:79] - JSON успешно распарсен. Структура: <class 'list'>
2026-02-07 07:48:12,583 - WARNING - [moex_bond_details.py:137] -     ✗ Нет данных
2026-02-07 07:48:12,583 - INFO - [moex_bond_details.py:128] -   Загрузка: offers
2026-02-07 07:48:12,583 - DEBUG - [moex_bond_details.py:67] - Запрос: https://iss.moex.com/iss/securities/RU000A106LL5/offers.json?iss.meta=off&iss.json=extended&limit=unlimited
2026-02-07 07:48:12,939 - DEBUG - [moex_bond_details.py:79] - JSON успешно распарсен. Структура: <class 'list'>
2026-02-07 07:48:12,939 - WARNING - [moex_bond_details.py:137] -     ✗ Нет данных
2026-02-07 07:48:12,939 - INFO - [moex_bond_details.py:128] -   Загрузка: amortizations
2026-02-07 07:48:12,939 - DEBUG - [moex_bond_details.py:67] - Запрос: https://iss.moex.com/iss/securities/RU000A106LL5/amortizations.json?iss.meta=off&iss.json=extended&limit=unlimited
2026-02-07 07:48:13,293 - DEBUG - [moex_bond_details.py:79] - JSON успешно распарсен. Структура: <class 'list'>
2026-02-07 07:48:13,293 - WARNING - [moex_bond_details.py:137] -     ✗ Нет данных
2026-02-07 07:48:13,293 - WARNING - [moex_bond_details.py:316] - ✗ Не удалось получить данные для RU000A106LL5
2026-02-07 07:48:13,293 - INFO - [moex_bond_details.py:323] - Время обработки: 1.78 сек
2026-02-07 07:48:13,293 - ERROR - [moex_bond_details.py:346] - 
✗ НЕ УДАЛОСЬ ПОЛУЧИТЬ ДАННЫЕ НИ ПО ОДНОЙ ОБЛИГАЦИИ
2026-02-07 07:48:13,293 - INFO - [moex_bond_details.py:351] - 
============================================================
2026-02-07 07:48:13,293 - INFO - [moex_bond_details.py:352] - ИТОГИ ВЫПОЛНЕНИЯ
2026-02-07 07:48:13,293 - INFO - [moex_bond_details.py:353] - ============================================================
2026-02-07 07:48:13,293 - INFO - [moex_bond_details.py:354] - Успешно: 0 облигаций
2026-02-07 07:48:13,293 - INFO - [moex_bond_details.py:355] - С ошибками: 5 облигаций
2026-02-07 07:48:13,293 - INFO - [moex_bond_details.py:358] - 
Облигации с ошибками:
2026-02-07 07:48:13,293 - INFO - [moex_bond_details.py:360] -   • RU000A10D533
2026-02-07 07:48:13,293 - INFO - [moex_bond_details.py:360] -   • RU000A0JV4P3
2026-02-07 07:48:13,293 - INFO - [moex_bond_details.py:360] -   • RU000A10DB16
2026-02-07 07:48:13,293 - INFO - [moex_bond_details.py:360] -   • RU000A0ZZ885
2026-02-07 07:48:13,293 - INFO - [moex_bond_details.py:360] -   • RU000A106LL5
2026-02-07 07:48:13,293 - INFO - [moex_bond_details.py:362] - 
Общее время выполнения: 9.42 сек
2026-02-07 07:48:13,293 - INFO - [moex_bond_details.py:363] - Завершено: 07:48:13
2026-02-07 07:48:13,293 - INFO - [moex_bond_details.py:364] - ============================================================
