2026-02-07 07:19:45,627 - INFO - ============================================================
2026-02-07 07:19:45,627 - INFO - СКРИПТ ДЛЯ СБОРА ВСЕХ ДАННЫХ ПО ОБЛИГАЦИЯМ MOEX
2026-02-07 07:19:45,627 - INFO - Обработка 5 облигаций
2026-02-07 07:19:45,627 - INFO - ============================================================
2026-02-07 07:19:45,627 - INFO - 
[1/5] Обработка облигации: RU000A10D533
2026-02-07 07:19:45,627 - INFO - Загрузка основной информации для RU000A10D533...
2026-02-07 07:19:46,028 - INFO - Загрузка информации о торговых площадках для RU000A10D533...
2026-02-07 07:19:46,397 - INFO - Загрузка рыночных данных для RU000A10D533...
2026-02-07 07:19:46,761 - INFO - Загрузка исторических данных для RU000A10D533...
2026-02-07 07:19:46,761 - INFO - Загрузка данных о купонах для RU000A10D533...
2026-02-07 07:19:47,114 - INFO - Загрузка данных об амортизации для RU000A10D533...
2026-02-07 07:19:47,482 - INFO - Загрузка данных об офертах для RU000A10D533...
2026-02-07 07:19:47,834 - INFO - Загрузка данных о размещении для RU000A10D533...
2026-02-07 07:19:48,200 - INFO - Загрузка индикативных оценок для RU000A10D533...
2026-02-07 07:19:48,556 - INFO - Загрузка данных эмитента для RU000A10D533...
2026-02-07 07:19:48,556 - ERROR - ✗ Не удалось загрузить данные для RU000A10D533
2026-02-07 07:19:48,556 - INFO - 
[2/5] Обработка облигации: RU000A0JV4P3
2026-02-07 07:19:48,556 - INFO - Загрузка основной информации для RU000A0JV4P3...
2026-02-07 07:19:48,902 - INFO - Загрузка информации о торговых площадках для RU000A0JV4P3...
2026-02-07 07:19:49,266 - INFO - Загрузка рыночных данных для RU000A0JV4P3...
2026-02-07 07:19:49,631 - INFO - Загрузка исторических данных для RU000A0JV4P3...
2026-02-07 07:19:49,632 - INFO - Загрузка данных о купонах для RU000A0JV4P3...
2026-02-07 07:19:49,997 - INFO - Загрузка данных об амортизации для RU000A0JV4P3...
2026-02-07 07:19:50,343 - INFO - Загрузка данных об офертах для RU000A0JV4P3...
2026-02-07 07:19:50,706 - INFO - Загрузка данных о размещении для RU000A0JV4P3...
2026-02-07 07:19:51,064 - INFO - Загрузка индикативных оценок для RU000A0JV4P3...
2026-02-07 07:19:51,419 - INFO - Загрузка данных эмитента для RU000A0JV4P3...
2026-02-07 07:19:51,419 - ERROR - ✗ Не удалось загрузить данные для RU000A0JV4P3
2026-02-07 07:19:51,419 - INFO - 
[3/5] Обработка облигации: RU000A10DB16
2026-02-07 07:19:51,419 - INFO - Загрузка основной информации для RU000A10DB16...
2026-02-07 07:19:51,769 - INFO - Загрузка информации о торговых площадках для RU000A10DB16...
2026-02-07 07:19:52,137 - INFO - Загрузка рыночных данных для RU000A10DB16...
2026-02-07 07:19:52,481 - INFO - Загрузка исторических данных для RU000A10DB16...
2026-02-07 07:19:52,481 - INFO - Загрузка данных о купонах для RU000A10DB16...
2026-02-07 07:19:52,838 - INFO - Загрузка данных об амортизации для RU000A10DB16...
2026-02-07 07:19:53,220 - INFO - Загрузка данных об офертах для RU000A10DB16...
2026-02-07 07:19:53,574 - INFO - Загрузка данных о размещении для RU000A10DB16...
2026-02-07 07:19:53,944 - INFO - Загрузка индикативных оценок для RU000A10DB16...
2026-02-07 07:19:54,304 - INFO - Загрузка данных эмитента для RU000A10DB16...
2026-02-07 07:19:54,304 - ERROR - ✗ Не удалось загрузить данные для RU000A10DB16
2026-02-07 07:19:54,304 - INFO - 
[4/5] Обработка облигации: RU000A0ZZ885
2026-02-07 07:19:54,316 - INFO - Загрузка основной информации для RU000A0ZZ885...
2026-02-07 07:19:54,670 - INFO - Загрузка информации о торговых площадках для RU000A0ZZ885...
2026-02-07 07:19:55,029 - INFO - Загрузка рыночных данных для RU000A0ZZ885...
2026-02-07 07:19:55,365 - INFO - Загрузка исторических данных для RU000A0ZZ885...
2026-02-07 07:19:55,365 - INFO - Загрузка данных о купонах для RU000A0ZZ885...
2026-02-07 07:19:55,727 - INFO - Загрузка данных об амортизации для RU000A0ZZ885...
2026-02-07 07:19:56,085 - INFO - Загрузка данных об офертах для RU000A0ZZ885...
2026-02-07 07:19:56,442 - INFO - Загрузка данных о размещении для RU000A0ZZ885...
2026-02-07 07:19:56,792 - INFO - Загрузка индикативных оценок для RU000A0ZZ885...
2026-02-07 07:19:57,144 - INFO - Загрузка данных эмитента для RU000A0ZZ885...
2026-02-07 07:19:57,144 - ERROR - ✗ Не удалось загрузить данные для RU000A0ZZ885
2026-02-07 07:19:57,144 - INFO - 
[5/5] Обработка облигации: RU000A106LL5
2026-02-07 07:19:57,144 - INFO - Загрузка основной информации для RU000A106LL5...
2026-02-07 07:19:57,490 - INFO - Загрузка информации о торговых площадках для RU000A106LL5...
2026-02-07 07:19:57,854 - INFO - Загрузка рыночных данных для RU000A106LL5...
2026-02-07 07:19:58,206 - INFO - Загрузка исторических данных для RU000A106LL5...
2026-02-07 07:19:58,206 - INFO - Загрузка данных о купонах для RU000A106LL5...
2026-02-07 07:19:58,564 - INFO - Загрузка данных об амортизации для RU000A106LL5...
2026-02-07 07:19:58,941 - INFO - Загрузка данных об офертах для RU000A106LL5...
2026-02-07 07:19:59,312 - INFO - Загрузка данных о размещении для RU000A106LL5...
2026-02-07 07:19:59,703 - INFO - Загрузка индикативных оценок для RU000A106LL5...
2026-02-07 07:20:00,062 - INFO - Загрузка данных эмитента для RU000A106LL5...
2026-02-07 07:20:00,062 - ERROR - ✗ Не удалось загрузить данные для RU000A106LL5
2026-02-07 07:20:00,062 - INFO - 
============================================================
2026-02-07 07:20:00,062 - INFO - ИТОГИ ВЫПОЛНЕНИЯ
2026-02-07 07:20:00,062 - INFO - ============================================================
2026-02-07 07:20:00,062 - INFO - Успешно обработано: 0 из 5
2026-02-07 07:20:00,062 - WARNING - Неудачные ISIN:
2026-02-07 07:20:00,065 - WARNING -   - RU000A10D533
2026-02-07 07:20:00,065 - WARNING -   - RU000A0JV4P3
2026-02-07 07:20:00,065 - WARNING -   - RU000A10DB16
2026-02-07 07:20:00,065 - WARNING -   - RU000A0ZZ885
2026-02-07 07:20:00,065 - WARNING -   - RU000A106LL5
2026-02-07 07:20:00,065 - INFO - 
Общее время выполнения: 14.44 сек
2026-02-07 07:20:00,065 - INFO - Среднее время на облигацию: 2.89 сек
2026-02-07 07:20:00,065 - INFO - Завершено: 2026-02-07 07:20:00
2026-02-07 07:20:00,065 - INFO - ============================================================
