2026-02-16 12:26:04,269 root INFO: Logging initialized: file=logs\moex_endpoints_probe_20260216.log level=INFO
2026-02-16 12:26:04,335 vibe.ingest.moex_bonds_endpoints_probe INFO: Probe started: isins=1 out_dir=data\curated\moex\endpoints_probe\20260216 from=2026-01-17 till=2026-02-16 interval=24
2026-02-16 12:26:04,814 vibe.data_sources.moex_bonds_endpoints INFO: Fetched endpoint=generic isin= status=200 elapsed_ms=461
2026-02-16 12:26:04,817 vibe.ingest.moex_bonds_endpoints_probe INFO: Resolved board for RU0002868001: TQCB
2026-02-16 12:26:05,207 vibe.data_sources.moex_bonds_endpoints INFO: Fetched endpoint=securities isin=RU0002868001 status=200 elapsed_ms=389
2026-02-16 12:26:05,224 vibe.ingest.moex_bonds_endpoints_probe INFO: Probe worker=ThreadPoolExecutor-0_0 isin=RU0002868001 endpoint=securities status=200 cache_hit=False rows=0
2026-02-16 12:26:05,613 vibe.data_sources.moex_bonds_endpoints INFO: Fetched endpoint=marketdata isin=RU0002868001 status=200 elapsed_ms=388
2026-02-16 12:26:05,625 vibe.ingest.moex_bonds_endpoints_probe INFO: Probe worker=ThreadPoolExecutor-0_0 isin=RU0002868001 endpoint=marketdata status=200 cache_hit=False rows=1
2026-02-16 12:26:06,001 vibe.data_sources.moex_bonds_endpoints INFO: Fetched endpoint=history isin=RU0002868001 status=200 elapsed_ms=375
2026-02-16 12:26:06,009 vibe.ingest.moex_bonds_endpoints_probe INFO: Probe worker=ThreadPoolExecutor-0_0 isin=RU0002868001 endpoint=history status=200 cache_hit=False rows=1
2026-02-16 12:26:06,373 vibe.data_sources.moex_bonds_endpoints INFO: Fetched endpoint=candles isin=RU0002868001 status=200 elapsed_ms=363
2026-02-16 12:26:06,377 vibe.ingest.moex_bonds_endpoints_probe INFO: Probe worker=ThreadPoolExecutor-0_0 isin=RU0002868001 endpoint=candles status=200 cache_hit=False rows=0
2026-02-16 12:26:07,073 vibe.data_sources.moex_bonds_endpoints INFO: Fetched endpoint=trades isin=RU0002868001 status=200 elapsed_ms=695
2026-02-16 12:26:07,097 vibe.ingest.moex_bonds_endpoints_probe INFO: Probe worker=ThreadPoolExecutor-0_0 isin=RU0002868001 endpoint=trades status=200 cache_hit=False rows=1
2026-02-16 12:26:07,481 vibe.data_sources.moex_bonds_endpoints WARNING: Fetch non-JSON response: endpoint=orderbook isin=RU0002868001 status=200 content_type=text/html url=https://iss.moex.com/iss/engines/stock/markets/bonds/boards/TQCB/securities/RU0002868001/orderbook.json final_url=https://iss.moex.com/iss/engines/stock/markets/bonds/boards/TQCB/securities/RU0002868001/orderbook.json response_head='<!DOCTYPE html>\n\n<html lang="en" xmlns="http://www.w3.org/1999/xhtml">\n<head>\n    <meta charset="utf-8" />\n    <title></title>\n    <style type="text/css">\n        body {\n        color: #636565;\n      '
2026-02-16 12:26:07,485 vibe.ingest.moex_bonds_endpoints_probe INFO: Probe worker=ThreadPoolExecutor-0_0 isin=RU0002868001 endpoint=orderbook status=200 cache_hit=False rows=0
2026-02-16 12:26:07,874 vibe.data_sources.moex_bonds_endpoints INFO: Fetched endpoint=bondization isin=RU0002868001 status=200 elapsed_ms=388
2026-02-16 12:26:07,881 vibe.ingest.moex_bonds_endpoints_probe INFO: Probe worker=ThreadPoolExecutor-0_0 isin=RU0002868001 endpoint=bondization status=200 cache_hit=False rows=0
2026-02-16 12:26:08,124 vibe.ingest.moex_bonds_endpoints_probe INFO: Probe counters: orderbook_blocked_html=1
2026-02-16 12:26:08,125 root INFO: Probe complete: out_dir=data\curated\moex\endpoints_probe\20260216 files_written=1 total_isins=1 orderbook_blocked_html=1
2026-02-16 13:02:08,181 root INFO: Logging initialized: file=logs\moex_endpoints_probe_20260216.log level=INFO
2026-02-16 13:02:08,247 vibe.ingest.moex_bonds_endpoints_probe INFO: Probe started: isins=1 out_dir=data\curated\moex\endpoints_probe\20260216 from=2026-01-17 till=2026-02-16 interval=24
2026-02-16 13:02:08,721 vibe.data_sources.moex_bonds_endpoints INFO: Fetched endpoint=generic isin= status=200 elapsed_ms=456
2026-02-16 13:02:08,724 vibe.ingest.moex_bonds_endpoints_probe INFO: Resolved board for RU0002868001: TQCB
2026-02-16 13:02:09,105 vibe.data_sources.moex_bonds_endpoints INFO: Fetched endpoint=securities isin=RU0002868001 status=200 elapsed_ms=380
2026-02-16 13:02:09,123 vibe.ingest.moex_bonds_endpoints_probe INFO: Probe worker=ThreadPoolExecutor-0_0 isin=RU0002868001 endpoint=securities status=200 cache_hit=False rows=0
2026-02-16 13:02:09,524 vibe.data_sources.moex_bonds_endpoints INFO: Fetched endpoint=marketdata isin=RU0002868001 status=200 elapsed_ms=400
2026-02-16 13:02:09,547 vibe.ingest.moex_bonds_endpoints_probe INFO: Probe worker=ThreadPoolExecutor-0_0 isin=RU0002868001 endpoint=marketdata status=200 cache_hit=False rows=1
2026-02-16 13:02:09,947 vibe.data_sources.moex_bonds_endpoints INFO: Fetched endpoint=history isin=RU0002868001 status=200 elapsed_ms=400
2026-02-16 13:02:09,958 vibe.ingest.moex_bonds_endpoints_probe INFO: Probe worker=ThreadPoolExecutor-0_0 isin=RU0002868001 endpoint=history status=200 cache_hit=False rows=1
2026-02-16 13:02:10,391 vibe.data_sources.moex_bonds_endpoints INFO: Fetched endpoint=candles isin=RU0002868001 status=200 elapsed_ms=431
2026-02-16 13:02:10,395 vibe.ingest.moex_bonds_endpoints_probe INFO: Probe worker=ThreadPoolExecutor-0_0 isin=RU0002868001 endpoint=candles status=200 cache_hit=False rows=0
2026-02-16 13:02:11,149 vibe.data_sources.moex_bonds_endpoints INFO: Fetched endpoint=trades isin=RU0002868001 status=200 elapsed_ms=752
2026-02-16 13:02:11,157 vibe.ingest.moex_bonds_endpoints_probe INFO: Probe worker=ThreadPoolExecutor-0_0 isin=RU0002868001 endpoint=trades status=200 cache_hit=False rows=1
2026-02-16 13:02:11,565 vibe.data_sources.moex_bonds_endpoints WARNING: Fetch non-JSON response: endpoint=orderbook isin=RU0002868001 status=200 content_type=text/html url=https://iss.moex.com/iss/engines/stock/markets/bonds/boards/TQCB/securities/RU0002868001/orderbook.json final_url=https://iss.moex.com/iss/engines/stock/markets/bonds/boards/TQCB/securities/RU0002868001/orderbook.json response_head='<!DOCTYPE html>\n\n<html lang="en" xmlns="http://www.w3.org/1999/xhtml">\n<head>\n    <meta charset="utf-8" />\n    <title></title>\n    <style type="text/css">\n        body {\n        color: #636565;\n      '
2026-02-16 13:02:11,567 vibe.ingest.moex_bonds_endpoints_probe INFO: Probe worker=ThreadPoolExecutor-0_0 isin=RU0002868001 endpoint=orderbook status=200 cache_hit=False rows=0
2026-02-16 13:02:11,950 vibe.data_sources.moex_bonds_endpoints INFO: Fetched endpoint=bondization isin=RU0002868001 status=200 elapsed_ms=382
2026-02-16 13:02:11,958 vibe.ingest.moex_bonds_endpoints_probe INFO: Probe worker=ThreadPoolExecutor-0_0 isin=RU0002868001 endpoint=bondization status=200 cache_hit=False rows=0
2026-02-16 13:02:12,259 vibe.ingest.moex_bonds_endpoints_probe INFO: Probe counters: orderbook_blocked_html=1
2026-02-16 13:02:12,260 root INFO: Probe complete: out_dir=data\curated\moex\endpoints_probe\20260216 files_written=1 total_isins=1 orderbook_blocked_html=1
2026-02-16 13:45:06,340 root INFO: Logging initialized: file=logs\moex_endpoints_probe_20260216.log level=INFO
2026-02-16 13:45:06,424 vibe.ingest.moex_bonds_endpoints_probe INFO: Probe started: isins=1 out_dir=data\curated\moex\endpoints_probe\20260216 from=2026-01-17 till=2026-02-16 interval=24
2026-02-16 13:45:06,973 vibe.data_sources.moex_bonds_endpoints INFO: Fetched endpoint=generic isin= status=200 elapsed_ms=531
2026-02-16 13:45:06,979 vibe.ingest.moex_bonds_endpoints_probe INFO: Resolved board for RU0002868001: TQCB
2026-02-16 13:45:07,748 vibe.data_sources.moex_bonds_endpoints INFO: Fetched endpoint=securities isin=RU0002868001 status=200 elapsed_ms=768
2026-02-16 13:45:07,755 vibe.ingest.moex_bonds_endpoints_probe INFO: Probe worker=ThreadPoolExecutor-0_0 isin=RU0002868001 endpoint=securities status=200 cache_hit=False rows=0
2026-02-16 13:45:08,186 vibe.data_sources.moex_bonds_endpoints INFO: Fetched endpoint=marketdata isin=RU0002868001 status=200 elapsed_ms=429
2026-02-16 13:45:08,204 vibe.ingest.moex_bonds_endpoints_probe INFO: Probe worker=ThreadPoolExecutor-0_0 isin=RU0002868001 endpoint=marketdata status=200 cache_hit=False rows=1
2026-02-16 13:45:08,597 vibe.data_sources.moex_bonds_endpoints INFO: Fetched endpoint=history isin=RU0002868001 status=200 elapsed_ms=391
2026-02-16 13:45:08,606 vibe.ingest.moex_bonds_endpoints_probe INFO: Probe worker=ThreadPoolExecutor-0_0 isin=RU0002868001 endpoint=history status=200 cache_hit=False rows=1
2026-02-16 13:45:08,986 vibe.data_sources.moex_bonds_endpoints INFO: Fetched endpoint=candles isin=RU0002868001 status=200 elapsed_ms=379
2026-02-16 13:45:08,991 vibe.ingest.moex_bonds_endpoints_probe INFO: Probe worker=ThreadPoolExecutor-0_0 isin=RU0002868001 endpoint=candles status=200 cache_hit=False rows=0
2026-02-16 13:45:09,874 vibe.data_sources.moex_bonds_endpoints INFO: Fetched endpoint=trades isin=RU0002868001 status=200 elapsed_ms=883
2026-02-16 13:45:09,881 vibe.ingest.moex_bonds_endpoints_probe INFO: Probe worker=ThreadPoolExecutor-0_0 isin=RU0002868001 endpoint=trades status=200 cache_hit=False rows=1
2026-02-16 13:45:10,286 vibe.data_sources.moex_bonds_endpoints WARNING: Fetch non-JSON response: endpoint=orderbook isin=RU0002868001 status=200 content_type=text/html url=https://iss.moex.com/iss/engines/stock/markets/bonds/boards/TQCB/securities/RU0002868001/orderbook.json final_url=https://iss.moex.com/iss/engines/stock/markets/bonds/boards/TQCB/securities/RU0002868001/orderbook.json response_head='<!DOCTYPE html>\n\n<html lang="en" xmlns="http://www.w3.org/1999/xhtml">\n<head>\n    <meta charset="utf-8" />\n    <title></title>\n    <style type="text/css">\n        body {\n        color: #636565;\n      '
2026-02-16 13:45:10,286 vibe.ingest.moex_bonds_endpoints_probe INFO: Probe worker=ThreadPoolExecutor-0_0 isin=RU0002868001 endpoint=orderbook status=200 cache_hit=False rows=0
2026-02-16 13:45:10,669 vibe.data_sources.moex_bonds_endpoints INFO: Fetched endpoint=bondization isin=RU0002868001 status=200 elapsed_ms=380
2026-02-16 13:45:10,685 vibe.ingest.moex_bonds_endpoints_probe INFO: Probe worker=ThreadPoolExecutor-0_0 isin=RU0002868001 endpoint=bondization status=200 cache_hit=False rows=0
2026-02-16 13:45:10,986 vibe.ingest.moex_bonds_endpoints_probe INFO: Probe counters: orderbook_blocked_html=1
2026-02-16 13:45:10,987 root INFO: Probe complete: out_dir=data\curated\moex\endpoints_probe\20260216 files_written=1 total_isins=1 orderbook_blocked_html=1
2026-02-16 14:08:46,692 root INFO: Logging initialized: file=logs\moex_endpoints_probe_20260216.log level=INFO
2026-02-16 14:08:46,778 vibe.ingest.moex_bonds_endpoints_probe INFO: Probe started: isins=1 out_dir=data\curated\moex\endpoints_probe\20260216 from=2026-01-17 till=2026-02-16 interval=24
2026-02-16 14:08:47,237 vibe.data_sources.moex_bonds_endpoints INFO: Fetched endpoint=generic isin= status=200 elapsed_ms=443
2026-02-16 14:08:47,240 vibe.ingest.moex_bonds_endpoints_probe INFO: Resolved board for RU0002868001: TQCB
2026-02-16 14:08:47,604 vibe.data_sources.moex_bonds_endpoints INFO: Fetched endpoint=securities isin=RU0002868001 status=200 elapsed_ms=362
2026-02-16 14:08:47,610 vibe.ingest.moex_bonds_endpoints_probe INFO: Probe worker=ThreadPoolExecutor-0_0 isin=RU0002868001 endpoint=securities status=200 cache_hit=False rows=0
2026-02-16 14:08:47,996 vibe.data_sources.moex_bonds_endpoints INFO: Fetched endpoint=marketdata isin=RU0002868001 status=200 elapsed_ms=386
2026-02-16 14:08:48,008 vibe.ingest.moex_bonds_endpoints_probe INFO: Probe worker=ThreadPoolExecutor-0_0 isin=RU0002868001 endpoint=marketdata status=200 cache_hit=False rows=1
2026-02-16 14:08:48,390 vibe.data_sources.moex_bonds_endpoints INFO: Fetched endpoint=history isin=RU0002868001 status=200 elapsed_ms=381
2026-02-16 14:08:48,395 vibe.ingest.moex_bonds_endpoints_probe INFO: Probe worker=ThreadPoolExecutor-0_0 isin=RU0002868001 endpoint=history status=200 cache_hit=False rows=1
2026-02-16 14:08:48,763 vibe.data_sources.moex_bonds_endpoints INFO: Fetched endpoint=candles isin=RU0002868001 status=200 elapsed_ms=367
2026-02-16 14:08:48,766 vibe.ingest.moex_bonds_endpoints_probe INFO: Probe worker=ThreadPoolExecutor-0_0 isin=RU0002868001 endpoint=candles status=200 cache_hit=False rows=0
2026-02-16 14:08:49,534 vibe.data_sources.moex_bonds_endpoints INFO: Fetched endpoint=trades isin=RU0002868001 status=200 elapsed_ms=767
2026-02-16 14:08:49,542 vibe.ingest.moex_bonds_endpoints_probe INFO: Probe worker=ThreadPoolExecutor-0_0 isin=RU0002868001 endpoint=trades status=200 cache_hit=False rows=1
2026-02-16 14:08:49,920 vibe.data_sources.moex_bonds_endpoints WARNING: Fetch non-JSON response: endpoint=orderbook isin=RU0002868001 status=200 content_type=text/html url=https://iss.moex.com/iss/engines/stock/markets/bonds/boards/TQCB/securities/RU0002868001/orderbook.json final_url=https://iss.moex.com/iss/engines/stock/markets/bonds/boards/TQCB/securities/RU0002868001/orderbook.json response_head='<!DOCTYPE html>\n\n<html lang="en" xmlns="http://www.w3.org/1999/xhtml">\n<head>\n    <meta charset="utf-8" />\n    <title></title>\n    <style type="text/css">\n        body {\n        color: #636565;\n      '
2026-02-16 14:08:49,921 vibe.ingest.moex_bonds_endpoints_probe INFO: Probe worker=ThreadPoolExecutor-0_0 isin=RU0002868001 endpoint=orderbook status=200 cache_hit=False rows=0
2026-02-16 14:08:50,305 vibe.data_sources.moex_bonds_endpoints INFO: Fetched endpoint=bondization isin=RU0002868001 status=200 elapsed_ms=381
2026-02-16 14:08:50,315 vibe.ingest.moex_bonds_endpoints_probe INFO: Probe worker=ThreadPoolExecutor-0_0 isin=RU0002868001 endpoint=bondization status=200 cache_hit=False rows=0
2026-02-16 14:08:50,582 vibe.ingest.moex_bonds_endpoints_probe INFO: Probe counters: orderbook_blocked_html=1
2026-02-16 14:08:50,583 root INFO: Probe complete: out_dir=data\curated\moex\endpoints_probe\20260216 files_written=1 total_isins=1 orderbook_blocked_html=1
