2026-02-21 13:02:29,183 | INFO | Пагинация securities: страница=1, start=0, строк в странице=3057, накоплено=3057
2026-02-21 13:02:29,804 | WARNING | Пагинация для https://iss.moex.com/iss/engines/stock/markets/bonds/securities.json перестала сдвигаться (start=3057). Останавливаю цикл, чтобы избежать дублей.
2026-02-21 13:02:29,830 | INFO | Загружаю справочные данные по 2974 облигациям через точечные запросы
2026-02-21 13:02:29,999 | INFO | Справочник: обработано 200/2974
2026-02-21 13:02:30,092 | INFO | Справочник: обработано 400/2974
2026-02-21 13:02:30,162 | INFO | Справочник: обработано 600/2974
2026-02-21 13:02:30,239 | INFO | Справочник: обработано 800/2974
2026-02-21 13:02:30,320 | INFO | Справочник: обработано 1000/2974
2026-02-21 13:02:30,395 | INFO | Справочник: обработано 1200/2974
2026-02-21 13:02:30,481 | INFO | Справочник: обработано 1400/2974
2026-02-21 13:02:30,559 | INFO | Справочник: обработано 1600/2974
2026-02-21 13:02:30,638 | INFO | Справочник: обработано 1800/2974
2026-02-21 13:02:30,716 | INFO | Справочник: обработано 2000/2974
2026-02-21 13:02:30,795 | INFO | Справочник: обработано 2200/2974
2026-02-21 13:02:30,874 | INFO | Справочник: обработано 2400/2974
2026-02-21 13:02:30,947 | INFO | Справочник: обработано 2600/2974
2026-02-21 13:02:31,026 | INFO | Справочник: обработано 2800/2974
2026-02-21 13:02:31,092 | INFO | Справочник: обработано 2974/2974
2026-02-21 13:02:31,141 | INFO | Старт загрузки расширенных данных: всего=2974, осталось после checkpoint=2974, чанков=10
2026-02-21 13:02:31,311 | INFO | Чанк 1/10: обработано 50/298
2026-02-21 13:02:31,314 | INFO | Чанк 1/10: обработано 100/298
2026-02-21 13:02:31,315 | INFO | Чанк 1/10: обработано 150/298
2026-02-21 13:02:31,321 | INFO | Чанк 1/10: обработано 200/298
2026-02-21 13:02:31,350 | INFO | Чанк 1/10: обработано 250/298
2026-02-21 13:02:31,389 | INFO | Чанк 1/10: обработано 298/298
2026-02-21 13:02:31,452 | INFO | Checkpoint сохранен после чанка 1/10
2026-02-21 13:02:31,529 | INFO | Чанк 2/10: обработано 50/298
2026-02-21 13:02:31,529 | INFO | Чанк 2/10: обработано 100/298
2026-02-21 13:02:31,562 | INFO | Чанк 2/10: обработано 150/298
2026-02-21 13:02:31,591 | INFO | Чанк 2/10: обработано 200/298
2026-02-21 13:02:31,621 | INFO | Чанк 2/10: обработано 250/298
2026-02-21 13:02:31,655 | INFO | Чанк 2/10: обработано 298/298
2026-02-21 13:02:31,752 | INFO | Checkpoint сохранен после чанка 2/10
2026-02-21 13:02:31,802 | INFO | Чанк 3/10: обработано 50/298
2026-02-21 13:02:31,847 | INFO | Чанк 3/10: обработано 100/298
2026-02-21 13:02:31,876 | INFO | Чанк 3/10: обработано 150/298
2026-02-21 13:02:31,908 | INFO | Чанк 3/10: обработано 200/298
2026-02-21 13:02:31,942 | INFO | Чанк 3/10: обработано 250/298
2026-02-21 13:02:31,972 | INFO | Чанк 3/10: обработано 298/298
2026-02-21 13:02:32,123 | INFO | Checkpoint сохранен после чанка 3/10
2026-02-21 13:02:32,187 | INFO | Чанк 4/10: обработано 50/298
2026-02-21 13:02:32,226 | INFO | Чанк 4/10: обработано 100/298
2026-02-21 13:02:32,257 | INFO | Чанк 4/10: обработано 150/298
2026-02-21 13:02:32,297 | INFO | Чанк 4/10: обработано 200/298
2026-02-21 13:02:32,330 | INFO | Чанк 4/10: обработано 250/298
2026-02-21 13:02:32,359 | INFO | Чанк 4/10: обработано 298/298
2026-02-21 13:02:32,559 | INFO | Checkpoint сохранен после чанка 4/10
2026-02-21 13:02:32,627 | INFO | Чанк 5/10: обработано 50/298
2026-02-21 13:02:32,675 | INFO | Чанк 5/10: обработано 100/298
2026-02-21 13:02:32,708 | INFO | Чанк 5/10: обработано 150/298
2026-02-21 13:02:32,745 | INFO | Чанк 5/10: обработано 200/298
2026-02-21 13:02:32,778 | INFO | Чанк 5/10: обработано 250/298
2026-02-21 13:02:32,839 | INFO | Чанк 5/10: обработано 298/298
2026-02-21 13:02:33,136 | INFO | Checkpoint сохранен после чанка 5/10
2026-02-21 13:02:33,188 | INFO | Чанк 6/10: обработано 50/298
2026-02-21 13:02:33,235 | INFO | Чанк 6/10: обработано 100/298
2026-02-21 13:02:33,268 | INFO | Чанк 6/10: обработано 150/298
2026-02-21 13:02:33,301 | INFO | Чанк 6/10: обработано 200/298
2026-02-21 13:02:33,337 | INFO | Чанк 6/10: обработано 250/298
2026-02-21 13:02:33,366 | INFO | Чанк 6/10: обработано 298/298
2026-02-21 13:02:33,715 | INFO | Checkpoint сохранен после чанка 6/10
2026-02-21 13:02:33,776 | INFO | Чанк 7/10: обработано 50/298
2026-02-21 13:02:33,815 | INFO | Чанк 7/10: обработано 100/298
2026-02-21 13:02:33,851 | INFO | Чанк 7/10: обработано 150/298
2026-02-21 13:02:33,882 | INFO | Чанк 7/10: обработано 200/298
2026-02-21 13:02:33,920 | INFO | Чанк 7/10: обработано 250/298
2026-02-21 13:02:33,962 | INFO | Чанк 7/10: обработано 298/298
2026-02-21 13:02:34,393 | INFO | Checkpoint сохранен после чанка 7/10
2026-02-21 13:02:34,467 | INFO | Чанк 8/10: обработано 50/298
2026-02-21 13:02:34,501 | INFO | Чанк 8/10: обработано 100/298
2026-02-21 13:02:34,544 | INFO | Чанк 8/10: обработано 150/298
2026-02-21 13:02:34,574 | INFO | Чанк 8/10: обработано 200/298
2026-02-21 13:02:34,625 | INFO | Чанк 8/10: обработано 250/298
2026-02-21 13:02:34,659 | INFO | Чанк 8/10: обработано 298/298
2026-02-21 13:02:35,129 | INFO | Checkpoint сохранен после чанка 8/10
2026-02-21 13:02:35,206 | INFO | Чанк 9/10: обработано 50/298
2026-02-21 13:02:35,243 | INFO | Чанк 9/10: обработано 100/298
2026-02-21 13:02:35,278 | INFO | Чанк 9/10: обработано 150/298
2026-02-21 13:02:35,315 | INFO | Чанк 9/10: обработано 200/298
2026-02-21 13:02:35,359 | INFO | Чанк 9/10: обработано 250/298
2026-02-21 13:02:35,395 | INFO | Чанк 9/10: обработано 298/298
2026-02-21 13:02:35,923 | INFO | Checkpoint сохранен после чанка 9/10
2026-02-21 13:02:36,010 | INFO | Чанк 10/10: обработано 50/292
2026-02-21 13:02:36,053 | INFO | Чанк 10/10: обработано 100/292
2026-02-21 13:02:36,097 | INFO | Чанк 10/10: обработано 150/292
2026-02-21 13:02:36,143 | INFO | Чанк 10/10: обработано 200/292
2026-02-21 13:02:36,182 | INFO | Чанк 10/10: обработано 250/292
2026-02-21 13:02:36,218 | INFO | Чанк 10/10: обработано 292/292
2026-02-21 13:02:36,792 | INFO | Checkpoint сохранен после чанка 10/10
2026-02-21 13:02:51,915 | INFO | Основной Excel сохранен: C:\Users\user\Documents\Инвестиции\Vibe\output\moex_bonds_full_export.xlsx
2026-02-21 13:02:51,915 | INFO | Доп. файлы (Parquet): C:\Users\user\Documents\Инвестиции\Vibe\output\moex_emitents.parquet, C:\Users\user\Documents\Инвестиции\Vibe\output\moex_bond_coupons.parquet, C:\Users\user\Documents\Инвестиции\Vibe\output\moex_bond_amortizations.parquet, C:\Users\user\Documents\Инвестиции\Vibe\output\moex_bond_offers.parquet
2026-02-21 13:02:51,915 | INFO | Время выполнения: 23.52 сек.
