2026-02-06 23:33:45,403 - INFO - ============================================================
2026-02-06 23:33:45,403 - INFO - ЗАГРУЗЧИК ДАННЫХ ПО АКЦИЯМ MOEX
2026-02-06 23:33:45,403 - INFO - ============================================================
2026-02-06 23:33:45,419 - INFO - Загружаем данные по URL: https://iss.moex.com/iss/apps/infogrid/stock/rates.csv?sec_type=stock_preferred_share,stock_common_share&iss.dp=comma&iss.df=%25d.%25m.%25Y&iss.tf=%25H:%25M:%25S&iss.dtf=%25d.%25m.%25Y%20%25H:%25M:%25S&iss.only=rates&limit=unlimited&lang=ru
2026-02-06 23:33:45,423 - INFO - Этап 1: Загрузка данных с MOEX...
2026-02-06 23:33:45,423 - INFO - Начало загрузки данных по акциям...
2026-02-06 23:33:45,890 - INFO - Успешное декодирование с кодировкой: windows-1251
2026-02-06 23:33:45,890 - INFO - Поиск заголовка таблицы...
2026-02-06 23:33:45,890 - INFO - Найден заголовок в строке 2 с 53 столбцами
2026-02-06 23:33:45,890 - INFO - Пример заголовка: SECID;SHORTNAME;NAME;TYPENAME;ISIN;REGNUMBER;LISTLEVEL;FACEVALUE;FACEUNIT;ISSUESIZE;IS_COLLATERAL;IS_EXTERNAL;PRIMARY_BOARDID;PRIMARY_BOARD_TITLE;MATDATE;IS_RII;INCLUDEDBYMOEX;IS_QUALIFIED_INVESTORS;H...
2026-02-06 23:33:45,890 - INFO - Парсинг CSV...
2026-02-06 23:33:45,926 - INFO - Загружено: 449 строк, 53 столбцов
2026-02-06 23:33:45,927 - INFO - Проверка первой строки данных:
2026-02-06 23:33:45,933 - INFO - Этап 2: Проверка данных...
2026-02-06 23:33:45,933 - INFO - Форма данных: (449, 53)
2026-02-06 23:33:45,937 - INFO - Типы данных:
SECID                      object
SHORTNAME                  object
NAME                       object
TYPENAME                   object
ISIN                       object
REGNUMBER                  object
LISTLEVEL                 float64
FACEVALUE                  object
FACEUNIT                   object
ISSUESIZE                   int64
IS_COLLATERAL               int64
IS_EXTERNAL                 int64
PRIMARY_BOARDID            object
PRIMARY_BOARD_TITLE        object
MATDATE                   float64
IS_RII                     object
INCLUDEDBYMOEX            float64
IS_QUALIFIED_INVESTORS      int64
HIGH_RISK                   int64
EVENINGSESSION              int64
MORNINGSESSION              int64
WEEKENDSESSION              int64
BOND_TYPE                 float64
BOND_SUBTYPE              float64
SUSPENSION_LISTING          int64
ZSPREAD                   float64
WAPRICE                   float64
YIELDATWAP                float64
ISSUEDATE                  object
REGISTRYCLOSEDATE          object
DIVIDENDVALUE             float64
DIVIDENDYIELD             float64
REGISTRYCLOSETYPE          object
EMITENTNAME                object
INN                         int64
LOTSIZE                     int64
PRICE                      object
PRICE_RUB                  object
RTL1                       object
RTH1                       object
RTL2                       object
RTH2                       object
RTL3                       object
RTH3                       object
DISCOUNT1                  object
LIMIT1                    float64
DISCOUNT2                  object
LIMIT2                    float64
DISCOUNT3                  object
DISCOUNTL0                 object
DISCOUNTH0                 object
FULLCOVERED               float64
FULL_COVERED_LIMIT          int64
dtype: object
2026-02-06 23:33:45,939 - INFO - Пример столбцов и данных:
2026-02-06 23:33:45,939 - INFO -   1. SECID: ABIO
2026-02-06 23:33:45,939 - INFO -   2. SHORTNAME: iАРТГЕН ао
2026-02-06 23:33:45,939 - INFO -   3. NAME: ПАО "Артген"
2026-02-06 23:33:45,943 - INFO -   4. TYPENAME: Акции обыкновенные
2026-02-06 23:33:45,943 - INFO -   5. ISIN: RU000A0JNAB6
2026-02-06 23:33:45,943 - INFO - Этап 3: Сохранение в Excel...
2026-02-06 23:33:45,944 - INFO - Сохранение в Excel: moex_shares_rates.xlsx
2026-02-06 23:33:46,974 - INFO - Файл успешно сохранен за 1.03 сек.
2026-02-06 23:33:46,974 - INFO - Размер файла: 121.85 KB
2026-02-06 23:33:46,974 - INFO - Проверка содержимого файла:
2026-02-06 23:33:46,974 - INFO -   - Столбцы: 53
2026-02-06 23:33:46,974 - INFO -   - Строки: 449
2026-02-06 23:33:46,974 - INFO -   - Пример столбцов: ['SECID', 'SHORTNAME', 'NAME']...
2026-02-06 23:33:46,974 - INFO - ============================================================
2026-02-06 23:33:46,974 - INFO - УСПЕХ! Данные по акциям сохранены без искажений кодировки
2026-02-06 23:33:46,974 - INFO - ============================================================
2026-02-06 23:33:46,991 - INFO - ============================================================
2026-02-06 23:33:46,991 - INFO - ОБЩЕЕ ВРЕМЯ: 1.59 сек
2026-02-06 23:33:46,993 - INFO - ЗАВЕРШЕНО: 23:33:46
2026-02-06 23:33:46,993 - INFO - ============================================================
